Oct 16, 2023 19:16:14.074 [0x40046f3b38] INFO - Plex Tuner Service v1.32.6.7557-1cf77d501 - Docker Docker Container x86_64 - build: 
Oct 16, 2023 19:16:14.088 [0x40046f3b38] INFO - Linux version: 6.1.29-0-virt (#1-Alpine SMP Wed, 17 May 2023 14:22:15 +0000), language: en-US
Oct 16, 2023 19:16:14.093 [0x40046f3b38] INFO - Processor QEMU TCG CPU version 2.5+
Oct 16, 2023 19:16:14.093 [0x40046f3b38] INFO - /usr/lib/plexmediaserver/Plex Tuner Service /usr/lib/plexmediaserver/Resources/Tuner/Private /usr/lib/plexmediaserver/Resources/Tuner/Shared 1.32.6.7557-1cf77d501 32600
Oct 16, 2023 19:16:14.035 [0x4002b32808] INFO - [I] broker_t::start...
Oct 16, 2023 19:16:14.089 [0x4002b32808] INFO - [I] device_manager_t::init.
Oct 16, 2023 19:16:14.089 [0x4002b32808] INFO - [I] device_manager_t::init. Initialize provider manager
Oct 16, 2023 19:16:14.089 [0x4002b32808] INFO - [I] device_manager_t::init. Initialize all device auxes
Oct 16, 2023 19:16:14.089 [0x4002b32808] INFO - [I] dvb_device_factory_t::get_aux_list
Oct 16, 2023 19:16:14.090 [0x4002b32808] INFO - [I] tvbutler_aux_t::init
Oct 16, 2023 19:16:14.141 [0x4002b32808] INFO - [I] web_server_t::start. Starting web server on port 32600
Oct 16, 2023 19:16:18.640 [0x4004db6b38] INFO - [I] web_service_t::process_device_discovery
Oct 16, 2023 19:16:18.641 [0x4004db6b38] INFO - [I] device_reactor_t::get_device_list ()
Oct 16, 2023 19:16:20.653 [0x4004db6b38] INFO - [I] SAT2IP - discover_satip_servers(): no servers found
Oct 16, 2023 19:16:21.068 [0x4004db6b38] INFO - [I] v4l::DeviceGetList_impl. getting v4l device list
Oct 16, 2023 19:16:21.081 [0x4004db6b38] INFO - [I] onetv_factory::DeviceGetListEx >>
Oct 16, 2023 19:16:21.088 [0x4004db6b38] INFO - [I] onetv_factory::DeviceGetListEx. Found device 1575:1
Oct 16, 2023 19:16:21.088 [0x4004db6b38] INFO - [I] onetv_factory::DeviceGetListEx. Found device 7531:3
Oct 16, 2023 19:16:21.088 [0x4004db6b38] INFO - [I] onetv_factory::DeviceGetListEx. Found device 1575:1
Oct 16, 2023 19:16:21.088 [0x4004db6b38] INFO - [I] onetv_factory::DeviceGetListEx. Found device 7531:2
Oct 16, 2023 19:16:55.650 [0x4002b32808] INFO - Received SIGINT: Interrupt from keyboard.
Oct 16, 2023 19:16:55.659 [0x4002b32808] INFO - [I] device_manager_t::term
Oct 16, 2023 19:16:55.659 [0x4002b32808] INFO - [I] device_manager_t::term. Stop all devices
Oct 16, 2023 19:16:55.659 [0x4002b32808] INFO - [I] device_manager_t::term. Shut down all device auxes
Oct 16, 2023 19:16:55.660 [0x4002b32808] INFO - [I] tvbutler_aux_t::term
Oct 16, 2023 19:16:55.769 [0x4002b32808] INFO - [I] web_server_t::stop. Web server is stopped
Oct 16, 2023 19:16:55.769 [0x4002b32808] INFO - [I] device_manager_t::term
Oct 16, 2023 19:16:55.770 [0x4002b32808] INFO - [I] device_manager_t::term. Stop all devices
Oct 16, 2023 19:16:55.770 [0x4002b32808] INFO - [I] device_manager_t::term. Shut down all device auxes
Oct 16, 2023 19:16:55.771 [0x4002b32808] INFO - [I] broker_t::shutdown. Shutdown is completed.
