Oct 16, 2023 19:20:06.411 [0x40046f3b38] INFO - Plex Tuner Service v1.32.6.7557-1cf77d501 - Docker Docker Container x86_64 - build: 
Oct 16, 2023 19:20:06.429 [0x40046f3b38] INFO - Linux version: 6.1.29-0-virt (#1-Alpine SMP Wed, 17 May 2023 14:22:15 +0000), language: en-US
Oct 16, 2023 19:20:06.429 [0x40046f3b38] INFO - Processor QEMU TCG CPU version 2.5+
Oct 16, 2023 19:20:06.429 [0x40046f3b38] INFO - /usr/lib/plexmediaserver/Plex Tuner Service /usr/lib/plexmediaserver/Resources/Tuner/Private /usr/lib/plexmediaserver/Resources/Tuner/Shared 1.32.6.7557-1cf77d501 32600
Oct 16, 2023 19:20:06.355 [0x4002b32808] INFO - [I] broker_t::start...
Oct 16, 2023 19:20:06.405 [0x4002b32808] INFO - [I] device_manager_t::init.
Oct 16, 2023 19:20:06.406 [0x4002b32808] INFO - [I] device_manager_t::init. Initialize provider manager
Oct 16, 2023 19:20:06.406 [0x4002b32808] INFO - [I] device_manager_t::init. Initialize all device auxes
Oct 16, 2023 19:20:06.406 [0x4002b32808] INFO - [I] dvb_device_factory_t::get_aux_list
Oct 16, 2023 19:20:06.407 [0x4002b32808] INFO - [I] tvbutler_aux_t::init
Oct 16, 2023 19:20:06.456 [0x4002b32808] INFO - [I] web_server_t::start. Starting web server on port 32600
Oct 16, 2023 19:20:10.866 [0x4004e99b38] INFO - [I] web_service_t::process_device_discovery
Oct 16, 2023 19:20:10.867 [0x4004e99b38] INFO - [I] device_reactor_t::get_device_list ()
Oct 16, 2023 19:20:12.879 [0x4004e99b38] INFO - [I] SAT2IP - discover_satip_servers(): no servers found
Oct 16, 2023 19:20:13.297 [0x4004e99b38] INFO - [I] v4l::DeviceGetList_impl. getting v4l device list
Oct 16, 2023 19:20:13.311 [0x4004e99b38] INFO - [I] onetv_factory::DeviceGetListEx >>
Oct 16, 2023 19:20:13.314 [0x4004e99b38] WARN - [W] onetv_factory::DeviceGetListEx. libusb_init returned an error -99
Oct 16, 2023 19:21:28.640 [0x4002b32808] INFO - Received SIGINT: Interrupt from keyboard.
Oct 16, 2023 19:21:28.690 [0x4002b32808] INFO - [I] device_manager_t::term
Oct 16, 2023 19:21:28.691 [0x4002b32808] INFO - [I] device_manager_t::term. Stop all devices
Oct 16, 2023 19:21:28.691 [0x4002b32808] INFO - [I] device_manager_t::term. Shut down all device auxes
Oct 16, 2023 19:21:28.692 [0x4002b32808] INFO - [I] tvbutler_aux_t::term
Oct 16, 2023 19:21:28.698 [0x4002b32808] INFO - [I] web_server_t::stop. Web server is stopped
Oct 16, 2023 19:21:28.698 [0x4002b32808] INFO - [I] device_manager_t::term
Oct 16, 2023 19:21:28.698 [0x4002b32808] INFO - [I] device_manager_t::term. Stop all devices
Oct 16, 2023 19:21:28.699 [0x4002b32808] INFO - [I] device_manager_t::term. Shut down all device auxes
Oct 16, 2023 19:21:28.700 [0x4002b32808] INFO - [I] broker_t::shutdown. Shutdown is completed.
