Oct 16, 2023 19:20:00.060 [275002882872] INFO - Plex Media Server v1.32.6.7557-1cf77d501 - Docker Docker Container x86_64 - build: linux-x86_64 debian - GMT 00:00
Oct 16, 2023 19:20:00.075 [275002882872] INFO - Linux version: 6.1.29-0-virt, language: en-US
Oct 16, 2023 19:20:00.087 [275002882872] INFO - Processor: 2-core QEMU TCG CPU version 2.5+
Oct 16, 2023 19:20:00.089 [275002882872] INFO - Compiler is - Clang 11.0.1 (https://plex.tv 9b997da8e5b47bdb4a9425b3a3b290be393b4b1f)
Oct 16, 2023 19:20:00.089 [275002882872] INFO - /usr/lib/plexmediaserver/Plex Media Server
Oct 16, 2023 19:20:00.035 [274998172304] DEBUG - BPQ: [Idle] -> [Starting]
Oct 16, 2023 19:20:00.086 [274998172304] DEBUG - FeatureManager: Using cached data for features list
Oct 16, 2023 19:20:00.300 [274998172304] DEBUG - [CERT] Subject name is /CN=*.ebebe5e7e3274285be54267af160124d.plex.direct
Oct 16, 2023 19:20:00.302 [274998172304] DEBUG - [CERT] Installed certificate with fingerprint 36:67:c6:38:1a:28:65:dd:73:9f:7d:27:79:9a:6b:98:27:7d:34:16.
Oct 16, 2023 19:20:00.302 [274998172304] DEBUG - [CERT/OCSP] Stapling requests will be made to 'http://r3.o.lencr.org/'.
Oct 16, 2023 19:20:00.305 [274998172304] INFO - [CERT/OCSP] Successfully retrieved response from cache.
Oct 16, 2023 19:20:00.306 [274998172304] DEBUG - HttpServer: Listening on IPv6 as well as IPv4.
Oct 16, 2023 19:20:00.307 [274998172304] DEBUG - HttpServer: Listening on port 32400.
Oct 16, 2023 19:20:00.319 [274998172304] DEBUG - HttpServer: Listening on port 32401.
Oct 16, 2023 19:20:00.319 [274998172304] DEBUG - Running server...
Oct 16, 2023 19:20:00.320 [274998172304] DEBUG - Opening 20 database sessions to library (com.plexapp.plugins.library), SQLite 3.39.4, threadsafe=1
Oct 16, 2023 19:20:00.329 [275018447672] DEBUG - HttpServer: Set up a thread pool with 2 threads.
Oct 16, 2023 19:20:00.643 [274998172304] INFO - Running migrations. (EPG 0)
Oct 16, 2023 19:20:00.653 [274998172304] DEBUG - Captured session 0.
Oct 16, 2023 19:20:00.656 [274998172304] DEBUG - Captured session 1.
Oct 16, 2023 19:20:00.656 [274998172304] DEBUG - Captured session 2.
Oct 16, 2023 19:20:00.656 [274998172304] DEBUG - Captured session 3.
Oct 16, 2023 19:20:00.656 [274998172304] DEBUG - Captured session 4.
Oct 16, 2023 19:20:00.656 [274998172304] DEBUG - Captured session 5.
Oct 16, 2023 19:20:00.656 [274998172304] DEBUG - Captured session 6.
Oct 16, 2023 19:20:00.656 [274998172304] DEBUG - Captured session 7.
Oct 16, 2023 19:20:00.656 [274998172304] DEBUG - Captured session 8.
Oct 16, 2023 19:20:00.656 [274998172304] DEBUG - Captured session 9.
Oct 16, 2023 19:20:00.656 [274998172304] DEBUG - Captured session 10.
Oct 16, 2023 19:20:00.656 [274998172304] DEBUG - Captured session 11.
Oct 16, 2023 19:20:00.656 [274998172304] DEBUG - Captured session 12.
Oct 16, 2023 19:20:00.656 [274998172304] DEBUG - Captured session 13.
Oct 16, 2023 19:20:00.656 [274998172304] DEBUG - Captured session 14.
Oct 16, 2023 19:20:00.656 [274998172304] DEBUG - Captured session 15.
Oct 16, 2023 19:20:00.656 [274998172304] DEBUG - Captured session 16.
Oct 16, 2023 19:20:00.656 [274998172304] DEBUG - Captured session 17.
Oct 16, 2023 19:20:00.656 [274998172304] DEBUG - Captured session 18.
Oct 16, 2023 19:20:00.656 [274998172304] DEBUG - Captured session 19.
Oct 16, 2023 19:20:00.716 [274998172304] DEBUG - ChangestampAllocator: initialized to 2
Oct 16, 2023 19:20:00.732 [274998172304] DEBUG - Opening 2 database sessions to library (com.plexapp.plugins.library.blobs), SQLite 3.39.4, threadsafe=1
Oct 16, 2023 19:20:00.752 [274998172304] INFO - Running migrations. (EPG 0)
Oct 16, 2023 19:20:00.753 [274998172304] DEBUG - Captured session 0.
Oct 16, 2023 19:20:00.753 [274998172304] DEBUG - Captured session 1.
Oct 16, 2023 19:20:00.856 [275008891704] DEBUG - Grabber: Cleaning up orphaned grabs.
Oct 16, 2023 19:20:00.867 [275008891704] DEBUG - Grabber: Cleaned up 0 decrepit directories in 0.0 sec.
Oct 16, 2023 19:20:00.868 [274998172304] DEBUG - Media Provider: Registering provider com.plexapp.plugins.library
Oct 16, 2023 19:20:00.869 [274998172304] DEBUG - Auth: Refreshing tokens inside the token-based authentication filter.
Oct 16, 2023 19:20:00.869 [274998172304] DEBUG - MyPlex: mapping state set to 'Unknown'.
Oct 16, 2023 19:20:00.870 [274998172304] DEBUG - Relay: read 0 cached entries from hosts file
Oct 16, 2023 19:20:00.875 [275008891704] DEBUG - [MediaProviderManager/HCl#1] HTTP requesting GET https://plex.tv/media/providers?X-Plex-Token=xxxxxxxxxxxxxxxxxxxx
Oct 16, 2023 19:20:00.875 [274998172304] DEBUG - MyPlex: using cached data for request for https://plex.tv/api/v2/server/access_tokens?auth_token=xxxxxxxxxxxxxxxxxxxx
Oct 16, 2023 19:20:00.877 [274998172304] DEBUG - MyPlex: updating with 6 access tokens
Oct 16, 2023 19:20:00.879 [274998172304] DEBUG - MyPlex: using cached data for request for https://plex.tv/api/v2/server/users?auth_token=xxxxxxxxxxxxxxxxxxxx
Oct 16, 2023 19:20:00.880 [274998172304] DEBUG - MyPlex: using cached data for request for https://plex.tv/api/v2/server/users/subscriptions?auth_token=xxxxxxxxxxxxxxxxxxxx
Oct 16, 2023 19:20:00.881 [274998172304] DEBUG - MyPlex: using cached data for request for https://plex.tv/api/v2/server/users/services?auth_token=xxxxxxxxxxxxxxxxxxxx
Oct 16, 2023 19:20:00.888 [275038022456] DEBUG - Auth: Refreshing tokens inside the token-based authentication filter.
Oct 16, 2023 19:20:00.891 [275038022456] DEBUG - [HCl#2] HTTP requesting GET https://plex.tv/api/v2/server/access_tokens?auth_token=xxxxxxxxxxxxxxxxxxxx
Oct 16, 2023 19:20:00.898 [274998172304] DEBUG - Opening 1 database sessions to library (), SQLite 3.39.4, threadsafe=1
Oct 16, 2023 19:20:00.917 [275042732856] DEBUG - File "/usr/lib/plexmediaserver/Resources/Plug-ins-1cf77d501" changed: -1 => 2023-09-25 14:40:11 (1695652811).
Oct 16, 2023 19:20:00.917 [275042732856] DEBUG - File "/config/Library/Application Support/Plex Media Server/Plug-ins" changed: -1 => 2023-10-15 17:03:55 (1697389435).
Oct 16, 2023 19:20:00.918 [275042732856] DEBUG - Scanning for plug-ins in "/usr/lib/plexmediaserver/Resources/Plug-ins-1cf77d501"
Oct 16, 2023 19:20:00.929 [275042732856] DEBUG - Scanning for plug-ins in "/config/Library/Application Support/Plex Media Server/Plug-ins"
Oct 16, 2023 19:20:00.929 [275042732856] DEBUG - PluginRepository::setStartState: 1, startingSystem
Oct 16, 2023 19:20:00.930 [275042732856] DEBUG - Starting plug-in /usr/lib/plexmediaserver/Resources/Plug-ins-1cf77d501/System.bundle.
Oct 16, 2023 19:20:00.938 [275042732856] DEBUG - [com.plexapp.system] Setting plug-in to always running (daemon mode).
Oct 16, 2023 19:20:00.943 [275042732856] DEBUG - Starting file watcher for com.plexapp.system
Oct 16, 2023 19:20:00.946 [275042732856] DEBUG - Plugin: setting environment variable: 'PYTHONHOME=/usr/lib/plexmediaserver/Resources/Python'
Oct 16, 2023 19:20:00.946 [275042732856] DEBUG - Plugin: setting environment variable: 'PYTHONPATH=/usr/lib/plexmediaserver/Resources/Python/python27.zip:/usr/lib/plexmediaserver/Resources/Python/lib/python2.7/site-packages'
Oct 16, 2023 19:20:00.948 [275042732856] DEBUG - Spawned plug-in com.plexapp.system with PID 1176
Oct 16, 2023 19:20:00.948 [275042732856] DEBUG - [com.plexapp.system] Sending command: GET /:/prefixes
Oct 16, 2023 19:20:01.273 [275035740984] DEBUG - [HttpClient/HCl#1] HTTP/2.0 (0.4s) 200 response from GET https://plex.tv/media/providers?X-Plex-Token=xxxxxxxxxxxxxxxxxxxx
Oct 16, 2023 19:20:01.274 [275035740984] DEBUG - [HttpClient/HCl#2] HTTP/2.0 (0.3s) 200 response from GET https://plex.tv/api/v2/server/access_tokens?auth_token=xxxxxxxxxxxxxxxxxxxx
Oct 16, 2023 19:20:01.276 [275033631544] DEBUG - [MediaProviderManager/HCl#3] HTTP requesting GET https://plex.tv/media/providers?X-Plex-Token=xxxxxxxxxxxxxxxxxxxx
Oct 16, 2023 19:20:01.280 [275038022456] DEBUG - MyPlex: updating with 6 access tokens
Oct 16, 2023 19:20:01.280 [275038022456] DEBUG - [HCl#4] HTTP requesting GET https://plex.tv/api/v2/server/users?auth_token=xxxxxxxxxxxxxxxxxxxx
Oct 16, 2023 19:20:01.345 [275035740984] DEBUG - [HttpClient/HCl#3] HTTP/2.0 (0.1s) 200 response from GET https://plex.tv/media/providers?X-Plex-Token=xxxxxxxxxxxxxxxxxxxx (reused)
Oct 16, 2023 19:20:01.345 [275035740984] DEBUG - [HttpClient/HCl#4] HTTP/2.0 (0.1s) 200 response from GET https://plex.tv/api/v2/server/users?auth_token=xxxxxxxxxxxxxxxxxxxx (reused)
Oct 16, 2023 19:20:01.347 [275033631544] DEBUG - [MediaProviderManager/HCl#5] HTTP requesting GET https://plex.tv/media/providers?X-Plex-Token=xxxxxxxxxxxxxxxxxxxx
Oct 16, 2023 19:20:01.349 [275059092280] DEBUG - [HCl#6] HTTP requesting GET https://plex.tv/api/v2/server/users/subscriptions?auth_token=xxxxxxxxxxxxxxxxxxxx
Oct 16, 2023 19:20:01.412 [275035740984] DEBUG - [HttpClient/HCl#6] HTTP/2.0 (0.1s) 200 response from GET https://plex.tv/api/v2/server/users/subscriptions?auth_token=xxxxxxxxxxxxxxxxxxxx (reused)
Oct 16, 2023 19:20:01.415 [275061201720] DEBUG - MyPlex: using cached data for request for https://plex.tv/api/v2/server/users/services?auth_token=xxxxxxxxxxxxxxxxxxxx
Oct 16, 2023 19:20:01.427 [275035740984] DEBUG - [HttpClient/HCl#5] HTTP/2.0 (0.1s) 200 response from GET https://plex.tv/media/providers?X-Plex-Token=xxxxxxxxxxxxxxxxxxxx (reused)
Oct 16, 2023 19:20:01.427 [275033631544] DEBUG - [MediaProviderManager] discovered cloud provider (Movies & TV)
Oct 16, 2023 19:20:01.428 [275033631544] DEBUG - [MediaProviderManager] discovered cloud provider (Music)
Oct 16, 2023 19:20:01.428 [275033631544] DEBUG - [MediaProviderManager] discovered cloud provider (Metadata)
Oct 16, 2023 19:20:01.428 [275033631544] DEBUG - [MediaProviderManager] loading cloud provider details (Metadata) (alive: 0)
Oct 16, 2023 19:20:01.428 [275008891704] DEBUG - [MediaProviderManager/HCl#8] HTTP requesting GET https://vod.provider.plex.tv
Oct 16, 2023 19:20:01.428 [275040164664] DEBUG - [MediaProviderManager/HCl#7] HTTP requesting GET https://music.provider.plex.tv
Oct 16, 2023 19:20:01.772 [275035740984] DEBUG - [HttpClient/HCl#7] HTTP/2.0 (0.3s) 200 response from GET https://music.provider.plex.tv
Oct 16, 2023 19:20:01.810 [275033631544] DEBUG - [MediaProviderManager] loading cloud provider details (Music) (alive: 1)
Oct 16, 2023 19:20:01.810 [275033631544] DEBUG - [MediaProviderManager] loading cloud provider details (Movies & TV) (alive: 0)
Oct 16, 2023 19:20:01.811 [275033631544] DEBUG - [MediaProviderManager/HCl#b] HTTP requesting GET https://vod.provider.plex.tv
Oct 16, 2023 19:20:01.827 [275035740984] DEBUG - [HttpClient/HCl#8] HTTP/2.0 (0.4s) 200 response from GET https://vod.provider.plex.tv
Oct 16, 2023 19:20:01.882 [275086580536] DEBUG - Request: [[::1]:42626 (Loopback)] GET /identity (2 live) #1
Oct 16, 2023 19:20:01.888 [275035740984] DEBUG - [HttpClient/HCl#b] HTTP/2.0 (0.1s) 200 response from GET https://vod.provider.plex.tv (reused)
Oct 16, 2023 19:20:01.889 [275033631544] DEBUG - [MediaProviderManager] we had 0 cloud providers online, we now have 3
Oct 16, 2023 19:20:01.889 [275033631544] DEBUG - [MediaProviderManager] cloud provider (Metadata) is online and available
Oct 16, 2023 19:20:01.889 [275033631544] DEBUG - [MediaProviderManager] cloud provider (Music) is online and available
Oct 16, 2023 19:20:01.889 [275033631544] DEBUG - [MediaProviderManager] cloud provider (Movies & TV) is online and available
Oct 16, 2023 19:20:01.890 [275033631544] DEBUG - [MediaProviderManager/MetadataAgentManager] attempted to online our built-in agents but we're not yet signed in
Oct 16, 2023 19:20:01.900 [275011578680] DEBUG - Completed: [[::1]:42626] 503 GET /identity (2 live) #1 19ms 375 bytes (pipelined: 1)
Oct 16, 2023 19:20:01.983 [275040164664] DEBUG - [JobRunner] Job running: /usr/lib/plexmediaserver/CrashUploader "--directory=/config/Library/Application Support/Plex Media Server/Crash Reports/1.32.6.7557-1cf77d501" --version=1.32.6.7557-1cf77d501 --platform=Linux --platformVersion=6.1.29-0-virt --serverUuid=7930a3432940498d684d9eb8394867da195ad397 --userId=8zh6k7xnsg@privaterelay.appleid.com --sentryUrl=https://o17675.ingest.sentry.io/api/1233455/ --sentryKey=xxxxxxxxxxxxxxxxxxxxxxxxxxxxxxxx --vendor=Docker --model=x86_64 "--device=Docker Container"
Oct 16, 2023 19:20:01.984 [275040164664] DEBUG - [JobRunner] Jobs: Starting child process with pid 1200
Oct 16, 2023 19:20:02.142 [275005143864] DEBUG - Jobs: '/usr/lib/plexmediaserver/CrashUploader' exit code for process 1200 is 0 (success)
Oct 16, 2023 19:20:03.782 [275086580536] DEBUG - Request: [127.0.0.1:53880 (Loopback)] GET /:/plugins/com.plexapp.system/messaging/function/X0J1bmRsZVNlcnZpY2U6QWxsU2VydmljZXM_/Y2VyZWFsMQoxCmxpc3QKMApyMAo_/Y2VyZWFsMQoxCmRpY3QKMApyMAo_ (3 live) #3 GZIP Token ()
Oct 16, 2023 19:20:03.785 [275089582904] DEBUG - Request: [127.0.0.1:53890 (Loopback)] GET / (4 live) #6 GZIP Token ()
Oct 16, 2023 19:20:03.788 [275013688120] DEBUG - Completed: [127.0.0.1:53890] 503 GET / (4 live) #6 GZIP 3ms 436 bytes
Oct 16, 2023 19:20:03.789 [275013688120] DEBUG - Completed: [127.0.0.1:53880] 503 GET /:/plugins/com.plexapp.system/messaging/function/X0J1bmRsZVNlcnZpY2U6QWxsU2VydmljZXM_/Y2VyZWFsMQoxCmxpc3QKMApyMAo_/Y2VyZWFsMQoxCmRpY3QKMApyMAo_ (4 live) #3 GZIP 7ms 436 bytes
Oct 16, 2023 19:20:06.117 [275086580536] DEBUG - Request: [127.0.0.1:53892 (Loopback)] GET /servers (2 live) #7 GZIP Token ()
Oct 16, 2023 19:20:06.118 [275011578680] DEBUG - Completed: [127.0.0.1:53892] 503 GET /servers (2 live) #7 GZIP 0ms 436 bytes
Oct 16, 2023 19:20:06.178 [275042732856] DEBUG - Reading 486 bytes in the body, code is 200
Oct 16, 2023 19:20:06.178 [275042732856] DEBUG - [com.plexapp.system] Plug-in running on port 46003.
Oct 16, 2023 19:20:06.178 [275042732856] DEBUG -  * Plug-in handles prefix: /system
Oct 16, 2023 19:20:06.179 [275042732856] DEBUG -  * Plug-in handles prefix: /player
Oct 16, 2023 19:20:06.180 [275042732856] DEBUG - Read configuration for [com.plexapp.system], had 2 prefixes
Oct 16, 2023 19:20:06.182 [275042732856] DEBUG - Done with 1 synchronous plug-in starts, starting the rest in parallel.
Oct 16, 2023 19:20:06.182 [275042732856] DEBUG - PluginRepository::setStartState: 2, startingPlugins
Oct 16, 2023 19:20:06.183 [275042732856] DEBUG - Updating the list of agents known by the system.
Oct 16, 2023 19:20:06.184 [274998172304] DEBUG - Image transcode cache directory: "/config/Library/Application Support/Plex Media Server/Cache/PhotoTranscoder"
Oct 16, 2023 19:20:06.187 [275042732856] DEBUG - [com.plexapp.system] Sending command over HTTP (GET): /system/agents
Oct 16, 2023 19:20:06.190 [275042732856] DEBUG - [HCl#c] HTTP requesting GET http://127.0.0.1:46003/system/agents
Oct 16, 2023 19:20:06.192 [274998172304] DEBUG - Transcoder: Cleaning old transcode directories.
Oct 16, 2023 19:20:06.196 [274998172304] DEBUG - MyPlex: using cached data for request for https://plex.tv/api/v2/server/access_tokens?auth_token=xxxxxxxxxxxxxxxxxxxx
Oct 16, 2023 19:20:06.197 [274998172304] DEBUG - MyPlex: updating with 6 access tokens
Oct 16, 2023 19:20:06.197 [274998172304] DEBUG - MyPlex: using cached data for request for https://plex.tv/api/v2/server/users?auth_token=xxxxxxxxxxxxxxxxxxxx
Oct 16, 2023 19:20:06.199 [274998172304] DEBUG - MyPlex: using cached data for request for https://plex.tv/api/v2/server/users/subscriptions?auth_token=xxxxxxxxxxxxxxxxxxxx
Oct 16, 2023 19:20:06.199 [275008891704] DEBUG - [MediaProviderManager/HCl#d] HTTP requesting GET https://plex.tv/media/providers?X-Plex-Token=xxxxxxxxxxxxxxxxxxxx
Oct 16, 2023 19:20:06.200 [274998172304] DEBUG - MyPlex: using cached data for request for https://plex.tv/api/v2/server/users/services?auth_token=xxxxxxxxxxxxxxxxxxxx
Oct 16, 2023 19:20:06.201 [274998172304] DEBUG - MyPlex: using cached data for request for https://plex.tv/api/v2/user?includeSubscriptions=1&includeProviders=1
Oct 16, 2023 19:20:06.209 [274998172304] DEBUG - MyPlex: username is 8zh6k, login is 8zh6k7xnsg@privaterelay.appleid.com, home is 0, no pin
Oct 16, 2023 19:20:06.214 [274998172304] DEBUG - MyPlex: stop public ip check and mapping - current mapped state: 'Unknown'.
Oct 16, 2023 19:20:06.216 [275095145272] DEBUG - [HCl#e] HTTP requesting GET https://plex.tv/api/v2/user?includeSubscriptions=1&includeProviders=1
Oct 16, 2023 19:20:06.218 [274998172304] DEBUG - NetworkInterface: Starting watch thread.
Oct 16, 2023 19:20:06.218 [274998172304] DEBUG - Network change.
Oct 16, 2023 19:20:06.219 [274998172304] DEBUG - NetworkInterface: Notified of network changed (force=0)
Oct 16, 2023 19:20:06.221 [274998172304] DEBUG - Detected primary interface: 192.168.107.2
Oct 16, 2023 19:20:06.221 [274998172304] DEBUG - Network interfaces:
Oct 16, 2023 19:20:06.221 [274998172304] DEBUG -  * 1 lo (127.0.0.1) (00-00-00-00-00-00) (loopback: 1)
Oct 16, 2023 19:20:06.222 [274998172304] DEBUG -  * 2 eth0 (192.168.5.15) (52-55-55-19-90-5A) (loopback: 0)
Oct 16, 2023 19:20:06.222 [274998172304] DEBUG -  * 3 eth1 (192.168.107.2) (5A-94-EF-73-9B-C8) (loopback: 0)
Oct 16, 2023 19:20:06.222 [274998172304] DEBUG -  * 5 br-a2b7183e4a5d (172.18.0.1) (02-42-18-F1-EB-37) (loopback: 0)
Oct 16, 2023 19:20:06.222 [274998172304] DEBUG -  * 30 br-54dca8d1b869 (172.19.0.1) (02-42-18-E5-DC-9E) (loopback: 0)
Oct 16, 2023 19:20:06.222 [274998172304] DEBUG -  * 85 br-a9a3b617e480 (172.20.0.1) (02-42-BE-AE-52-49) (loopback: 0)
Oct 16, 2023 19:20:06.222 [274998172304] DEBUG -  * 1 lo (::1) (00-00-00-00-00-00) (loopback: 1)
Oct 16, 2023 19:20:06.222 [274998172304] DEBUG -  * 2 eth0 (fec0::5055:55ff:fe19:905a) (52-55-55-19-90-5A) (loopback: 0)
Oct 16, 2023 19:20:06.222 [274998172304] DEBUG - Creating NetworkServices singleton.
Oct 16, 2023 19:20:06.222 [274998172304] DEBUG - NetworkServices: Initializing...
Oct 16, 2023 19:20:06.223 [274998172304] DEBUG - NetworkService: Creating new service.
Oct 16, 2023 19:20:06.223 [274998172304] DEBUG - NetworkService: Got notification of changed network (first change: 1)
Oct 16, 2023 19:20:06.223 [274998172304] DEBUG - NetworkService: Quick dispatch of network change.
Oct 16, 2023 19:20:06.223 [274998172304] DEBUG - NetworkService: Creating new service.
Oct 16, 2023 19:20:06.223 [274998172304] DEBUG - NetworkService: Got notification of changed network (first change: 1)
Oct 16, 2023 19:20:06.223 [274998172304] DEBUG - NetworkService: Quick dispatch of network change.
Oct 16, 2023 19:20:06.224 [274998172304] DEBUG - NetworkService: Creating new service.
Oct 16, 2023 19:20:06.224 [274998172304] DEBUG - NetworkService: Got notification of changed network (first change: 1)
Oct 16, 2023 19:20:06.224 [274998172304] DEBUG - NetworkService: Quick dispatch of network change.
Oct 16, 2023 19:20:06.224 [274998172304] DEBUG - NetworkService: Creating new service.
Oct 16, 2023 19:20:06.224 [274998172304] DEBUG - NetworkService: Got notification of changed network (first change: 1)
Oct 16, 2023 19:20:06.224 [274998172304] DEBUG - NetworkService: Quick dispatch of network change.
Oct 16, 2023 19:20:06.224 [274998172304] DEBUG - NetworkService: Creating new service.
Oct 16, 2023 19:20:06.224 [274998172304] DEBUG - NetworkService: Got notification of changed network (first change: 1)
Oct 16, 2023 19:20:06.224 [274998172304] DEBUG - NetworkService: Quick dispatch of network change.
Oct 16, 2023 19:20:06.224 [274998172304] DEBUG - NetworkService: Creating new service.
Oct 16, 2023 19:20:06.224 [274998172304] DEBUG - NetworkService: Got notification of changed network (first change: 1)
Oct 16, 2023 19:20:06.224 [274998172304] DEBUG - NetworkService: Quick dispatch of network change.
Oct 16, 2023 19:20:06.226 [275097336632] DEBUG - NetworkInterface: Watching for changes on the interfaces.
Oct 16, 2023 19:20:06.233 [275099450168] DEBUG - Network change for advertiser.
Oct 16, 2023 19:20:06.233 [275099450168] DEBUG - NetworkService: Setting up multicast listener on 0.0.0.0:32414
Oct 16, 2023 19:20:06.235 [275040164664] DEBUG - [HCl#f] HTTP requesting GET https://plex.tv/api/taas/profile
Oct 16, 2023 19:20:06.236 [274998172304] DEBUG - [HCl#10] HTTP requesting GET https://plex.tv/api/v2/features?X-Plex-Token=xxxxxxxxxxxxxxxxxxxx
Oct 16, 2023 19:20:06.237 [275101637432] DEBUG - [ChildProcessMonitor] Plex Tuner Service starting.
Oct 16, 2023 19:20:06.237 [275101637432] DEBUG - [ChildProcessMonitor/JobRunner] Job running: "/usr/lib/plexmediaserver/Plex Tuner Service" /usr/lib/plexmediaserver/Resources/Tuner/Private /usr/lib/plexmediaserver/Resources/Tuner/Shared 1.32.6.7557-1cf77d501 32600
Oct 16, 2023 19:20:06.238 [275101637432] DEBUG - [ChildProcessMonitor/JobRunner] Jobs: Starting child process with pid 1252
Oct 16, 2023 19:20:06.247 [275099450168] DEBUG - Network change for advertiser.
Oct 16, 2023 19:20:06.247 [275099450168] DEBUG - NetworkService: Setting up multicast listener on 0.0.0.0:32410
Oct 16, 2023 19:20:06.247 [275099450168] DEBUG - Network change for advertiser.
Oct 16, 2023 19:20:06.247 [275099450168] DEBUG - NetworkService: Setting up multicast listener on 0.0.0.0:32412
Oct 16, 2023 19:20:06.248 [275099450168] DEBUG - NetworkService: Network change for browser (polled=0), closing 0 browse sockets.
Oct 16, 2023 19:20:06.248 [275099450168] DEBUG - NetworkService: Setting up multicast listener on 0.0.0.0:32413
Oct 16, 2023 19:20:06.249 [275099450168] DEBUG - NetworkService: Browsing on interface 127.0.0.1 on broadcast address 127.255.255.255 (index: 0)
Oct 16, 2023 19:20:06.249 [275099450168] DEBUG - NetworkService: Browsing on interface 192.168.5.15 on broadcast address 192.168.5.15 (index: 1)
Oct 16, 2023 19:20:06.249 [275099450168] DEBUG - NetworkService: Browsing on interface 192.168.107.2 on broadcast address 192.168.107.2 (index: 2)
Oct 16, 2023 19:20:06.249 [275099450168] DEBUG - NetworkService: Browsing on interface 172.18.0.1 on broadcast address 172.18.255.255 (index: 3)
Oct 16, 2023 19:20:06.249 [275099450168] DEBUG - NetworkService: Browsing on interface 172.19.0.1 on broadcast address 172.19.255.255 (index: 4)
Oct 16, 2023 19:20:06.249 [275099450168] DEBUG - NetworkService: Browsing on interface 172.20.0.1 on broadcast address 172.20.255.255 (index: 5)
Oct 16, 2023 19:20:06.249 [275099450168] DEBUG - NetworkService: Network change for browser (polled=1), closing 0 browse sockets.
Oct 16, 2023 19:20:06.250 [275099450168] DEBUG - NetworkService: Browsing on interface 127.0.0.1 on broadcast address 127.255.255.255 (index: 0)
Oct 16, 2023 19:20:06.250 [275099450168] DEBUG - NetworkService: Browsing on interface 192.168.5.15 on broadcast address 192.168.5.15 (index: 1)
Oct 16, 2023 19:20:06.250 [275099450168] DEBUG - NetworkService: Browsing on interface 192.168.107.2 on broadcast address 192.168.107.2 (index: 2)
Oct 16, 2023 19:20:06.250 [275099450168] DEBUG - NetworkService: Browsing on interface 172.18.0.1 on broadcast address 172.18.255.255 (index: 3)
Oct 16, 2023 19:20:06.250 [275099450168] DEBUG - NetworkService: Browsing on interface 172.19.0.1 on broadcast address 172.19.255.255 (index: 4)
Oct 16, 2023 19:20:06.250 [275099450168] DEBUG - NetworkService: Browsing on interface 172.20.0.1 on broadcast address 172.20.255.255 (index: 5)
Oct 16, 2023 19:20:06.250 [275099450168] DEBUG - NetworkService: Network change for browser (polled=0), closing 0 browse sockets.
Oct 16, 2023 19:20:06.250 [275099450168] DEBUG - NetworkService: Setting up multicast listener on 0.0.0.0:1901
Oct 16, 2023 19:20:06.252 [275099450168] DEBUG - NetworkService: Browsing on interface 192.168.5.15 on broadcast address 239.255.255.250 (index: 0)
Oct 16, 2023 19:20:06.252 [275099450168] DEBUG - NetworkService: Browsing on interface 192.168.107.2 on broadcast address 239.255.255.250 (index: 1)
Oct 16, 2023 19:20:06.252 [275099450168] DEBUG - NetworkService: Browsing on interface 172.18.0.1 on broadcast address 239.255.255.250 (index: 2)
Oct 16, 2023 19:20:06.252 [275099450168] DEBUG - NetworkService: Browsing on interface 172.19.0.1 on broadcast address 239.255.255.250 (index: 3)
Oct 16, 2023 19:20:06.252 [275099450168] DEBUG - NetworkService: Browsing on interface 172.20.0.1 on broadcast address 239.255.255.250 (index: 4)
Oct 16, 2023 19:20:06.269 [275035740984] DEBUG - [HttpClient/HCl#d] HTTP/2.0 (0.1s) 200 response from GET https://plex.tv/media/providers?X-Plex-Token=xxxxxxxxxxxxxxxxxxxx (reused)
Oct 16, 2023 19:20:06.270 [275008891704] DEBUG - [MediaProviderManager] discovered cloud provider (Movies & TV)
Oct 16, 2023 19:20:06.270 [275008891704] DEBUG - [MediaProviderManager] discovered cloud provider (Music)
Oct 16, 2023 19:20:06.270 [275008891704] DEBUG - [MediaProviderManager] discovered cloud provider (Metadata)
Oct 16, 2023 19:20:06.270 [275008891704] DEBUG - [MediaProviderManager] loading cloud provider details (Metadata) (alive: 1)
Oct 16, 2023 19:20:06.270 [275008891704] DEBUG - [MediaProviderManager] loading cloud provider details (Music) (alive: 1)
Oct 16, 2023 19:20:06.270 [275008891704] DEBUG - [MediaProviderManager] loading cloud provider details (Movies & TV) (alive: 1)
Oct 16, 2023 19:20:06.270 [275008891704] DEBUG - [MediaProviderManager] we had 3 cloud providers online, we now have 3
Oct 16, 2023 19:20:06.270 [275008891704] DEBUG - [MediaProviderManager] cloud provider (Metadata) is online and available
Oct 16, 2023 19:20:06.270 [275008891704] DEBUG - [MediaProviderManager] cloud provider (Music) is online and available
Oct 16, 2023 19:20:06.270 [275008891704] DEBUG - [MediaProviderManager] cloud provider (Movies & TV) is online and available
Oct 16, 2023 19:20:06.336 [275035740984] DEBUG - [HttpClient/HCl#f] HTTP/2.0 (0.1s) 200 response from GET https://plex.tv/api/taas/profile (reused)
Oct 16, 2023 19:20:06.378 [275035740984] DEBUG - [HttpClient/HCl#10] HTTP/2.0 (0.1s) 200 response from GET https://plex.tv/api/v2/features?X-Plex-Token=xxxxxxxxxxxxxxxxxxxx (reused)
Oct 16, 2023 19:20:06.382 [274998172304] DEBUG - [HCl#11] HTTP requesting GET https://plex.tv/api/v2/release_channels?X-Plex-Token=xxxxxxxxxxxxxxxxxxxx
Oct 16, 2023 19:20:06.389 [275035740984] DEBUG - [HttpClient/HCl#e] HTTP/2.0 (0.2s) 200 response from GET https://plex.tv/api/v2/user?includeSubscriptions=1&includeProviders=1 (reused)
Oct 16, 2023 19:20:06.393 [275061201720] DEBUG - MyPlex: username is 8zh6k, login is 8zh6k7xnsg@privaterelay.appleid.com, home is 0, no pin
Oct 16, 2023 19:20:06.397 [275095145272] DEBUG - [HCl#12] HTTP requesting GET https://plex.tv/api/v2/geoip
Oct 16, 2023 19:20:06.449 [275035740984] DEBUG - [HttpClient/HCl#11] HTTP/2.0 (0.1s) 200 response from GET https://plex.tv/api/v2/release_channels?X-Plex-Token=xxxxxxxxxxxxxxxxxxxx (reused)
Oct 16, 2023 19:20:06.452 [274998172304] DEBUG - [DatabaseFixups] Running fix-ups.
Oct 16, 2023 19:20:06.457 [275035740984] DEBUG - [HttpClient/HCl#12] HTTP/2.0 (0.1s) 200 response from GET https://plex.tv/api/v2/geoip (reused)
Oct 16, 2023 19:20:06.461 [275095145272] DEBUG - [HCl#13] HTTP requesting GET https://plex.tv/api/v2/features?X-Plex-Token=xxxxxxxxxxxxxxxxxxxx
Oct 16, 2023 19:20:06.462 [274998172304] DEBUG - [DatabaseFixups] Destroyed 0 transient items.
Oct 16, 2023 19:20:06.464 [275035740984] DEBUG - [HttpClient/HCl#c] HTTP/1.1 (0.3s) 200 response from GET http://127.0.0.1:46003/system/agents
Oct 16, 2023 19:20:06.465 [275042732856] DEBUG - [com.plexapp.system] HTTP reply status 200, with 9087 bytes of content.
Oct 16, 2023 19:20:06.475 [274998172304] DEBUG - [DatabaseFixups] Collections: Found 0 collections tags in section 1.
Oct 16, 2023 19:20:06.475 [274998172304] DEBUG - [DatabaseFixups] Collections: We had 0 collections in the library already.
Oct 16, 2023 19:20:06.475 [274998172304] DEBUG - [DatabaseFixups] Collections: Synced tags in section 1 in 2ms.
Oct 16, 2023 19:20:06.478 [275042732856] DEBUG - The system knows about 13 agents.
Oct 16, 2023 19:20:06.484 [275106605880] DEBUG - Starting plug-in /usr/lib/plexmediaserver/Resources/Plug-ins-1cf77d501/TheMovieDB.bundle.
Oct 16, 2023 19:20:06.486 [275110951736] DEBUG - Starting plug-in /usr/lib/plexmediaserver/Resources/Plug-ins-1cf77d501/Musicbrainz.bundle.
Oct 16, 2023 19:20:06.486 [275108813624] DEBUG - Starting plug-in /usr/lib/plexmediaserver/Resources/Plug-ins-1cf77d501/HTbackdrops.bundle.
Oct 16, 2023 19:20:06.486 [275042732856] DEBUG - Waiting for 17 plug-ins to finish starting.
Oct 16, 2023 19:20:06.490 [275106605880] DEBUG - Perfect cache hit, we don't need to start [com.plexapp.agents.themoviedb] yet.
Oct 16, 2023 19:20:06.492 [274998172304] DEBUG - [DatabaseFixups] Collections: Refreshed attributes for 0 collections in section 1 in 16ms.
Oct 16, 2023 19:20:06.494 [275106605880] DEBUG - Starting plug-in /usr/lib/plexmediaserver/Resources/Plug-ins-1cf77d501/LocalMedia.bundle.
Oct 16, 2023 19:20:06.495 [275110951736] DEBUG - Perfect cache hit, we don't need to start [org.musicbrainz.agents.music] yet.
Oct 16, 2023 19:20:06.495 [275110951736] DEBUG - Starting plug-in /usr/lib/plexmediaserver/Resources/Plug-ins-1cf77d501/Framework.bundle.
Oct 16, 2023 19:20:06.496 [275108813624] DEBUG - Perfect cache hit, we don't need to start [com.plexapp.agents.htbackdrops] yet.
Oct 16, 2023 19:20:06.497 [275108813624] DEBUG - Starting plug-in /usr/lib/plexmediaserver/Resources/Plug-ins-1cf77d501/LyricFind.bundle.
Oct 16, 2023 19:20:06.500 [275110951736] DEBUG - Starting plug-in /usr/lib/plexmediaserver/Resources/Plug-ins-1cf77d501/Media-Flags.bundle.
Oct 16, 2023 19:20:06.500 [275106605880] DEBUG - Perfect cache hit, we don't need to start [com.plexapp.agents.localmedia] yet.
Oct 16, 2023 19:20:06.501 [275106605880] DEBUG - Starting plug-in /usr/lib/plexmediaserver/Resources/Plug-ins-1cf77d501/Scanners.bundle.
Oct 16, 2023 19:20:06.501 [275110951736] DEBUG - Starting plug-in /usr/lib/plexmediaserver/Resources/Plug-ins-1cf77d501/PlexMovie.bundle.
Oct 16, 2023 19:20:06.512 [275110951736] DEBUG - Perfect cache hit, we don't need to start [com.plexapp.agents.imdb] yet.
Oct 16, 2023 19:20:06.512 [275110951736] DEBUG - Starting plug-in /usr/lib/plexmediaserver/Resources/Plug-ins-1cf77d501/LastFM.bundle.
Oct 16, 2023 19:20:06.512 [274998172304] DEBUG - [DatabaseFixups] Collection: Refreshed visibility in section 1 in 20ms.
Oct 16, 2023 19:20:06.514 [274998172304] DEBUG - [DatabaseFixups] Collections: Found 0 collections tags in section 2.
Oct 16, 2023 19:20:06.515 [275106605880] DEBUG - Starting plug-in /usr/lib/plexmediaserver/Resources/Plug-ins-1cf77d501/PersonalMedia.bundle.
Oct 16, 2023 19:20:06.516 [275108813624] DEBUG - Perfect cache hit, we don't need to start [com.plexapp.agents.lyricfind] yet.
Oct 16, 2023 19:20:06.516 [274998172304] DEBUG - [DatabaseFixups] Collections: We had 0 collections in the library already.
Oct 16, 2023 19:20:06.516 [274998172304] DEBUG - [DatabaseFixups] Collections: Synced tags in section 2 in 2ms.
Oct 16, 2023 19:20:06.517 [274998172304] DEBUG - [DatabaseFixups] Collections: Found 0 collections tags in section 2.
Oct 16, 2023 19:20:06.517 [274998172304] DEBUG - [DatabaseFixups] Collections: We had 0 collections in the library already.
Oct 16, 2023 19:20:06.517 [274998172304] DEBUG - [DatabaseFixups] Collections: Synced tags in section 2 in 4ms.
Oct 16, 2023 19:20:06.518 [274998172304] DEBUG - [DatabaseFixups] Collections: Found 0 collections tags in section 2.
Oct 16, 2023 19:20:06.518 [274998172304] DEBUG - [DatabaseFixups] Collections: We had 0 collections in the library already.
Oct 16, 2023 19:20:06.518 [274998172304] DEBUG - [DatabaseFixups] Collections: Synced tags in section 2 in 4ms.
Oct 16, 2023 19:20:06.518 [275108813624] DEBUG - Starting plug-in /usr/lib/plexmediaserver/Resources/Plug-ins-1cf77d501/PlexThemeMusic.bundle.
Oct 16, 2023 19:20:06.521 [275108813624] DEBUG - Perfect cache hit, we don't need to start [com.plexapp.agents.plexthememusic] yet.
Oct 16, 2023 19:20:06.522 [275110951736] DEBUG - Perfect cache hit, we don't need to start [com.plexapp.agents.lastfm] yet.
Oct 16, 2023 19:20:06.523 [275106605880] DEBUG - Perfect cache hit, we don't need to start [com.plexapp.agents.none] yet.
Oct 16, 2023 19:20:06.525 [275108813624] DEBUG - Starting plug-in /usr/lib/plexmediaserver/Resources/Plug-ins-1cf77d501/MoviePosterDB.bundle.
Oct 16, 2023 19:20:06.526 [275110951736] DEBUG - Starting plug-in /usr/lib/plexmediaserver/Resources/Plug-ins-1cf77d501/TheTVDBv4.bundle.
Oct 16, 2023 19:20:06.527 [275108813624] DEBUG - Perfect cache hit, we don't need to start [com.plexapp.agents.movieposterdb] yet.
Oct 16, 2023 19:20:06.527 [275106605880] DEBUG - Starting plug-in /usr/lib/plexmediaserver/Resources/Plug-ins-1cf77d501/OpenSubtitles.bundle.
Oct 16, 2023 19:20:06.528 [275108813624] DEBUG - Starting plug-in /usr/lib/plexmediaserver/Resources/Plug-ins-1cf77d501/WebClient.bundle.
Oct 16, 2023 19:20:06.530 [275108813624] DEBUG - Starting plug-in /usr/lib/plexmediaserver/Resources/Plug-ins-1cf77d501/Fanart-TV.bundle.
Oct 16, 2023 19:20:06.532 [275106605880] DEBUG - Perfect cache hit, we don't need to start [com.plexapp.agents.opensubtitles] yet.
Oct 16, 2023 19:20:06.532 [275108813624] DEBUG - Perfect cache hit, we don't need to start [com.plexapp.agents.fanarttv] yet.
Oct 16, 2023 19:20:06.536 [275110951736] DEBUG - Perfect cache hit, we don't need to start [com.plexapp.agents.thetvdb] yet.
Oct 16, 2023 19:20:06.538 [275042732856] DEBUG - Starting scheduled updates, every 3600 seconds
Oct 16, 2023 19:20:06.538 [275042732856] INFO - Refreshing paths watched by LibraryUpdateManager
Oct 16, 2023 19:20:06.539 [275042732856] DEBUG - LibraryUpdateManager will start watching /data/media/movies
Oct 16, 2023 19:20:06.540 [275042732856] DEBUG - LibraryUpdateManager will start watching /data/media/tv
Oct 16, 2023 19:20:06.540 [275042732856] DEBUG - [Notify] Initializing.
Oct 16, 2023 19:20:06.542 [275131251512] DEBUG - [Notify] Waiting for inotify notifications...
Oct 16, 2023 19:20:06.542 [274998172304] DEBUG - [DatabaseFixups] Collections: Refreshed attributes for 0 collections in section 2 in 24ms.
Oct 16, 2023 19:20:06.543 [275042732856] DEBUG - Done waiting for all plug-ins to start.
Oct 16, 2023 19:20:06.543 [275042732856] DEBUG - PluginRepository::setStartState: 3, complete
Oct 16, 2023 19:20:06.545 [274998172304] DEBUG - [DatabaseFixups] Collection: Refreshed visibility in section 2 in 3ms.
Oct 16, 2023 19:20:06.549 [275129015096] DEBUG - Downloading document http://127.0.0.1:32400/:/plugins/com.plexapp.agents.imdb/prefs
Oct 16, 2023 19:20:06.555 [275129015096] DEBUG - Translator: Found locale zh_CN
Oct 16, 2023 19:20:06.555 [275129015096] DEBUG - Translator: Found locale it
Oct 16, 2023 19:20:06.555 [275129015096] DEBUG - Translator: Found locale en
Oct 16, 2023 19:20:06.555 [275129015096] DEBUG - Translator: Found locale pl
Oct 16, 2023 19:20:06.555 [275129015096] DEBUG - Translator: Found locale da
Oct 16, 2023 19:20:06.555 [275129015096] DEBUG - Translator: Found locale fr
Oct 16, 2023 19:20:06.555 [275129015096] DEBUG - Translator: Found locale et_EE
Oct 16, 2023 19:20:06.555 [275129015096] DEBUG - Translator: Found locale pt
Oct 16, 2023 19:20:06.555 [275129015096] DEBUG - Translator: Found locale ro
Oct 16, 2023 19:20:06.555 [275129015096] DEBUG - Translator: Found locale sr
Oct 16, 2023 19:20:06.555 [275129015096] DEBUG - Translator: Found locale ar
Oct 16, 2023 19:20:06.555 [275129015096] DEBUG - Translator: Found locale he
Oct 16, 2023 19:20:06.555 [275129015096] DEBUG - Translator: Found locale fi
Oct 16, 2023 19:20:06.555 [275129015096] DEBUG - Translator: Found locale af
Oct 16, 2023 19:20:06.555 [275129015096] DEBUG - Translator: Found locale ja_JP
Oct 16, 2023 19:20:06.555 [275129015096] DEBUG - Translator: Found locale ru
Oct 16, 2023 19:20:06.555 [275129015096] DEBUG - Translator: Found locale nl_BE
Oct 16, 2023 19:20:06.555 [275129015096] DEBUG - Translator: Found locale cs_CZ
Oct 16, 2023 19:20:06.555 [275129015096] DEBUG - Translator: Found locale sv
Oct 16, 2023 19:20:06.555 [275129015096] DEBUG - Translator: Found locale sk
Oct 16, 2023 19:20:06.555 [275129015096] DEBUG - Translator: Found locale sl
Oct 16, 2023 19:20:06.555 [275129015096] DEBUG - Translator: Found locale hu_HU
Oct 16, 2023 19:20:06.555 [275129015096] DEBUG - Translator: Found locale ko
Oct 16, 2023 19:20:06.555 [275129015096] DEBUG - Translator: Found locale nl
Oct 16, 2023 19:20:06.555 [275129015096] DEBUG - Translator: Found locale lt
Oct 16, 2023 19:20:06.555 [275129015096] DEBUG - Translator: Found locale es
Oct 16, 2023 19:20:06.555 [275129015096] DEBUG - Translator: Found locale pt_BR
Oct 16, 2023 19:20:06.555 [275129015096] DEBUG - Translator: Found locale de
Oct 16, 2023 19:20:06.555 [275129015096] DEBUG - Translator: Found locale uk
Oct 16, 2023 19:20:06.555 [275129015096] DEBUG - Translator: Found locale no
Oct 16, 2023 19:20:06.555 [275129015096] DEBUG - Translator: Found locale hu
Oct 16, 2023 19:20:06.555 [275129015096] DEBUG - Translator: Found locale hr_HR
Oct 16, 2023 19:20:06.574 [274998172304] DEBUG - [DatabaseFixups] Running database fix-ups completed in 0.2 seconds.
Oct 16, 2023 19:20:06.575 [274998172304] DEBUG - [HCl#14] HTTP requesting GET https://plex.tv/api/v2/user/privacy?X-Plex-Token=xxxxxxxxxxxxxxxxxxxx
Oct 16, 2023 19:20:06.593 [275129015096] DEBUG - [Req#d] Starting file watcher for com.plexapp.agents.imdb
Oct 16, 2023 19:20:06.600 [275097336632] DEBUG - NetworkInterface: received Netlink message len=408, type=RTM_NEWLINK, flags=0x0
Oct 16, 2023 19:20:06.600 [275097336632] DEBUG - NetworkInterface: Netlink information message family=7, type=1, index=139, flags=0x11043, change=0x0
Oct 16, 2023 19:20:06.600 [275097336632] DEBUG - Network change.
Oct 16, 2023 19:20:06.600 [275097336632] DEBUG - NetworkInterface: Notified of network changed (force=0)
Oct 16, 2023 19:20:06.601 [275129015096] DEBUG - [Req#d] Plugin: setting environment variable: 'PYTHONHOME=/usr/lib/plexmediaserver/Resources/Python'
Oct 16, 2023 19:20:06.601 [275129015096] DEBUG - [Req#d] Plugin: setting environment variable: 'PYTHONPATH=/usr/lib/plexmediaserver/Resources/Python/python27.zip:/usr/lib/plexmediaserver/Resources/Python/lib/python2.7/site-packages'
Oct 16, 2023 19:20:06.602 [275129015096] DEBUG - [Req#d] Spawned plug-in com.plexapp.agents.imdb with PID 1280
Oct 16, 2023 19:20:06.602 [275129015096] DEBUG - [Req#d] [com.plexapp.agents.imdb] Sending command: GET /:/prefixes
Oct 16, 2023 19:20:06.603 [275097336632] DEBUG - Network change notification but nothing changed.
Oct 16, 2023 19:20:06.605 [275035740984] DEBUG - [HttpClient/HCl#13] HTTP/2.0 (0.1s) 200 response from GET https://plex.tv/api/v2/features?X-Plex-Token=xxxxxxxxxxxxxxxxxxxx (reused)
Oct 16, 2023 19:20:06.609 [275095145272] DEBUG - [HCl#15] HTTP requesting GET https://plex.tv/api/v2/release_channels?X-Plex-Token=xxxxxxxxxxxxxxxxxxxx
Oct 16, 2023 19:20:06.634 [275035740984] DEBUG - [HttpClient/HCl#14] HTTP/2.0 (0.1s) 200 response from GET https://plex.tv/api/v2/user/privacy?X-Plex-Token=xxxxxxxxxxxxxxxxxxxx (reused)
Oct 16, 2023 19:20:06.641 [275133389624] DEBUG - DVR: Starting up.
Oct 16, 2023 19:20:06.643 [275040164664] DEBUG - [MediaProviderManager/HCl#16] HTTP requesting GET https://plex.tv/media/providers?X-Plex-Token=xxxxxxxxxxxxxxxxxxxx
Oct 16, 2023 19:20:06.647 [275133389624] DEBUG - Activity: registered new activity 22cbabe6-8dac-4a2a-a0c0-bf0b69cc24f2 - "Processing subscriptions"
Oct 16, 2023 19:20:06.671 [275035740984] DEBUG - [HttpClient/HCl#15] HTTP/2.0 (0.1s) 200 response from GET https://plex.tv/api/v2/release_channels?X-Plex-Token=xxxxxxxxxxxxxxxxxxxx (reused)
Oct 16, 2023 19:20:06.674 [275095145272] DEBUG - [HCl#17] HTTP requesting GET https://plex.tv/api/v2/user/privacy?X-Plex-Token=xxxxxxxxxxxxxxxxxxxx
Oct 16, 2023 19:20:06.711 [275035740984] DEBUG - [HttpClient/HCl#16] HTTP/2.0 (0.1s) 200 response from GET https://plex.tv/media/providers?X-Plex-Token=xxxxxxxxxxxxxxxxxxxx (reused)
Oct 16, 2023 19:20:06.711 [275040164664] DEBUG - [MediaProviderManager] discovered cloud provider (Movies & TV)
Oct 16, 2023 19:20:06.711 [275040164664] DEBUG - [MediaProviderManager] discovered cloud provider (Music)
Oct 16, 2023 19:20:06.711 [275040164664] DEBUG - [MediaProviderManager] discovered cloud provider (Metadata)
Oct 16, 2023 19:20:06.711 [275040164664] DEBUG - [MediaProviderManager] loading cloud provider details (Metadata) (alive: 1)
Oct 16, 2023 19:20:06.711 [275040164664] DEBUG - [MediaProviderManager] loading cloud provider details (Music) (alive: 1)
Oct 16, 2023 19:20:06.711 [275040164664] DEBUG - [MediaProviderManager] loading cloud provider details (Movies & TV) (alive: 1)
Oct 16, 2023 19:20:06.711 [275040164664] DEBUG - [MediaProviderManager] we had 3 cloud providers online, we now have 3
Oct 16, 2023 19:20:06.711 [275040164664] DEBUG - [MediaProviderManager] cloud provider (Metadata) is online and available
Oct 16, 2023 19:20:06.711 [275040164664] DEBUG - [MediaProviderManager] cloud provider (Music) is online and available
Oct 16, 2023 19:20:06.711 [275040164664] DEBUG - [MediaProviderManager] cloud provider (Movies & TV) is online and available
Oct 16, 2023 19:20:06.739 [275035740984] DEBUG - [HttpClient/HCl#17] HTTP/2.0 (0.1s) 200 response from GET https://plex.tv/api/v2/user/privacy?X-Plex-Token=xxxxxxxxxxxxxxxxxxxx (reused)
Oct 16, 2023 19:20:06.747 [275011578680] DEBUG - [EventSourceClient/pubsub/192.46.236.7:443] Resolving 192.46.236.7 port 443
Oct 16, 2023 19:20:06.750 [275011578680] DEBUG - [EventSourceClient/pubsub/192.46.236.7:443] Resolved 192.46.236.7 to 192.46.236.7:443
Oct 16, 2023 19:20:06.753 [275038022456] DEBUG - [MediaProviderManager/HCl#18] HTTP requesting GET https://plex.tv/media/providers?X-Plex-Token=xxxxxxxxxxxxxxxxxxxx
Oct 16, 2023 19:20:06.753 [275115146040] DEBUG - [HCl#19] HTTP requesting GET https://plex.tv/api/v2/server/webhooks?X-Plex-Token=xxxxxxxxxxxxxxxxxxxx
Oct 16, 2023 19:20:06.783 [275095145272] DEBUG - CERT: Certificate will not expire soon; we'll check again in a week.
Oct 16, 2023 19:20:06.785 [275095145272] DEBUG - MyPlex: Updating device connections (from timer: 0)
Oct 16, 2023 19:20:06.785 [275095145272] DEBUG - [HCl#1a] HTTP requesting PUT https://plex.tv/devices/7930a3432940498d684d9eb8394867da195ad397?Connection[][uri]=http://192.168.5.15:32400&Connection[][uri]=http://192.168.107.2:32400&Connection[][uri]=http://172.18.0.1:32400&Connection[][uri]=http://172.19.0.1:32400&Connection[][uri]=http://172.20.0.1:32400&httpsEnabled=1&httpsRequired=0&X-Plex-Token=xxxxxxxxxxxxxxxxxxxx
Oct 16, 2023 19:20:06.787 [275145476920] DEBUG - MyPlex: sendMapping resetting state - previous mapping state: 'Unknown'.
Oct 16, 2023 19:20:06.787 [275145476920] DEBUG - MyPlex: mapping state set to 'Unknown'.
Oct 16, 2023 19:20:06.792 [275145476920] DEBUG - MyPlex: Sending Server Info to myPlex (user=8zh6k7xnsg@privaterelay.appleid.com, ip=, port=0)
Oct 16, 2023 19:20:06.793 [275145476920] DEBUG - [HCl#1b] HTTP requesting POST https://plex.tv/servers.xml?auth_token=xxxxxxxxxxxxxxxxxxxx
Oct 16, 2023 19:20:06.821 [275035740984] DEBUG - [HttpClient/HCl#18] HTTP/2.0 (0.1s) 200 response from GET https://plex.tv/media/providers?X-Plex-Token=xxxxxxxxxxxxxxxxxxxx (reused)
Oct 16, 2023 19:20:06.822 [275038022456] DEBUG - [MediaProviderManager] discovered cloud provider (Movies & TV)
Oct 16, 2023 19:20:06.822 [275038022456] DEBUG - [MediaProviderManager] discovered cloud provider (Music)
Oct 16, 2023 19:20:06.822 [275038022456] DEBUG - [MediaProviderManager] discovered cloud provider (Metadata)
Oct 16, 2023 19:20:06.822 [275038022456] DEBUG - [MediaProviderManager] loading cloud provider details (Metadata) (alive: 1)
Oct 16, 2023 19:20:06.822 [275038022456] DEBUG - [MediaProviderManager] loading cloud provider details (Music) (alive: 1)
Oct 16, 2023 19:20:06.822 [275038022456] DEBUG - [MediaProviderManager] loading cloud provider details (Movies & TV) (alive: 1)
Oct 16, 2023 19:20:06.822 [275038022456] DEBUG - [MediaProviderManager] we had 3 cloud providers online, we now have 3
Oct 16, 2023 19:20:06.822 [275038022456] DEBUG - [MediaProviderManager] cloud provider (Metadata) is online and available
Oct 16, 2023 19:20:06.822 [275038022456] DEBUG - [MediaProviderManager] cloud provider (Music) is online and available
Oct 16, 2023 19:20:06.822 [275038022456] DEBUG - [MediaProviderManager] cloud provider (Movies & TV) is online and available
Oct 16, 2023 19:20:06.833 [275035740984] DEBUG - [HttpClient/HCl#19] HTTP/2.0 (0.1s) 200 response from GET https://plex.tv/api/v2/server/webhooks?X-Plex-Token=xxxxxxxxxxxxxxxxxxxx (reused)
Oct 16, 2023 19:20:06.879 [275035740984] DEBUG - [HttpClient/HCl#1a] HTTP/2.0 (0.1s) 200 response from PUT https://plex.tv/devices/7930a3432940498d684d9eb8394867da195ad397?Connection[][uri]=http://192.168.5.15:32400&Connection[][uri]=http://192.168.107.2:32400&Connection[][uri]=http://172.18.0.1:32400&Connection[][uri]=http://172.19.0.1:32400&Connection[][uri]=http://172.20.0.1:32400&httpsEnabled=1&httpsRequired=0&X-Plex-Token=xxxxxxxxxxxxxxxxxxxx (reused)
Oct 16, 2023 19:20:06.910 [275011578680] DEBUG - [EventSourceClient/pubsub/192.46.236.7:443] Connected in 159 ms.
Oct 16, 2023 19:20:06.911 [275011578680] DEBUG - [EventSourceClient/pubsub/192.46.236.7:443] Wrote data, reading reply.
Oct 16, 2023 19:20:06.937 [275035740984] DEBUG - [HttpClient/HCl#1b] HTTP/2.0 (0.1s) 422 response from POST https://plex.tv/servers.xml?auth_token=xxxxxxxxxxxxxxxxxxxx (reused)
Oct 16, 2023 19:20:06.937 [275145476920] DEBUG - MyPlex: Published Mapping State response was 422
Oct 16, 2023 19:20:06.938 [275145476920] DEBUG - MyPlex: Got response for 7930a3432940498d684d9eb8394867da195ad397 ~ registered :0
Oct 16, 2023 19:20:06.938 [275145476920] DEBUG - MyPlex: updating mapped state - current state: 'Unknown'
Oct 16, 2023 19:20:06.938 [275145476920] DEBUG - MyPlex: mapping state set to 'Mapped - Publishing'.
Oct 16, 2023 19:20:06.938 [275145476920] WARN - MyPlex: attempted a reachability check but we're not yet online.
Oct 16, 2023 19:20:07.061 [275011578680] DEBUG - [EventSourceClient/pubsub/192.46.236.7:443] Read HTTP reply header.
Oct 16, 2023 19:20:07.062 [275011578680] DEBUG - [EventSourceClient/pubsub/192.46.236.7:443] MyPlex: We appear to have regained Internet connectivity.
Oct 16, 2023 19:20:07.095 [275086580536] DEBUG - Request: [[::1]:42640 (Loopback)] GET /identity (2 live) #b Signed-in
Oct 16, 2023 19:20:07.097 [275013688120] DEBUG - Completed: [[::1]:42640] 200 GET /identity (2 live) #b 1ms 398 bytes (pipelined: 1)
Oct 16, 2023 19:20:07.238 [275097336632] DEBUG - NetworkInterface: received Netlink message len=408, type=RTM_NEWLINK, flags=0x0
Oct 16, 2023 19:20:07.239 [275097336632] DEBUG - NetworkInterface: Netlink information message family=7, type=1, index=145, flags=0x11043, change=0x0
Oct 16, 2023 19:20:07.239 [275097336632] DEBUG - Network change.
Oct 16, 2023 19:20:07.239 [275097336632] DEBUG - NetworkInterface: Notified of network changed (force=0)
Oct 16, 2023 19:20:07.239 [275097336632] DEBUG - Network change notification but nothing changed.
Oct 16, 2023 19:20:07.239 [275097336632] DEBUG - NetworkInterface: received Netlink message len=408, type=RTM_NEWLINK, flags=0x0
Oct 16, 2023 19:20:07.239 [275097336632] DEBUG - NetworkInterface: Netlink information message family=7, type=1, index=141, flags=0x11043, change=0x0
Oct 16, 2023 19:20:07.239 [275097336632] DEBUG - Network change.
Oct 16, 2023 19:20:07.239 [275097336632] DEBUG - NetworkInterface: Notified of network changed (force=0)
Oct 16, 2023 19:20:07.239 [275097336632] DEBUG - Network change notification but nothing changed.
Oct 16, 2023 19:20:07.239 [275097336632] DEBUG - NetworkInterface: received Netlink message len=408, type=RTM_NEWLINK, flags=0x0
Oct 16, 2023 19:20:07.239 [275097336632] DEBUG - NetworkInterface: Netlink information message family=7, type=1, index=133, flags=0x11043, change=0x0
Oct 16, 2023 19:20:07.239 [275097336632] DEBUG - Network change.
Oct 16, 2023 19:20:07.239 [275097336632] DEBUG - NetworkInterface: Notified of network changed (force=0)
Oct 16, 2023 19:20:07.240 [275097336632] DEBUG - Network change notification but nothing changed.
Oct 16, 2023 19:20:07.240 [275097336632] DEBUG - NetworkInterface: received Netlink message len=408, type=RTM_NEWLINK, flags=0x0
Oct 16, 2023 19:20:07.240 [275097336632] DEBUG - NetworkInterface: Netlink information message family=7, type=1, index=135, flags=0x11043, change=0x0
Oct 16, 2023 19:20:07.240 [275097336632] DEBUG - Network change.
Oct 16, 2023 19:20:07.240 [275097336632] DEBUG - NetworkInterface: Notified of network changed (force=0)
Oct 16, 2023 19:20:07.240 [275097336632] DEBUG - Network change notification but nothing changed.
Oct 16, 2023 19:20:07.240 [275097336632] DEBUG - NetworkInterface: received Netlink message len=408, type=RTM_NEWLINK, flags=0x0
Oct 16, 2023 19:20:07.240 [275097336632] DEBUG - NetworkInterface: Netlink information message family=7, type=1, index=143, flags=0x11043, change=0x0
Oct 16, 2023 19:20:07.240 [275097336632] DEBUG - Network change.
Oct 16, 2023 19:20:07.240 [275097336632] DEBUG - NetworkInterface: Notified of network changed (force=0)
Oct 16, 2023 19:20:07.240 [275097336632] DEBUG - Network change notification but nothing changed.
Oct 16, 2023 19:20:07.240 [275097336632] DEBUG - NetworkInterface: received Netlink message len=408, type=RTM_NEWLINK, flags=0x0
Oct 16, 2023 19:20:07.240 [275097336632] DEBUG - NetworkInterface: Netlink information message family=7, type=1, index=137, flags=0x11043, change=0x0
Oct 16, 2023 19:20:07.240 [275097336632] DEBUG - Network change.
Oct 16, 2023 19:20:07.240 [275097336632] DEBUG - NetworkInterface: Notified of network changed (force=0)
Oct 16, 2023 19:20:07.240 [275097336632] DEBUG - Network change notification but nothing changed.
Oct 16, 2023 19:20:08.836 [275086580536] DEBUG - Request: [127.0.0.1:53906 (Loopback)] GET /system/messaging/clear_events/com.plexapp.agents.imdb (2 live) #10 GZIP Signed-in Token (8zh6k)
Oct 16, 2023 19:20:08.838 [275086580536] DEBUG - [Req#10] [com.plexapp.system] Sending command over HTTP (GET): /system/messaging/clear_events/com.plexapp.agents.imdb
Oct 16, 2023 19:20:08.839 [275086580536] DEBUG - [Req#10/HCl#1c] HTTP requesting GET http://127.0.0.1:46003/system/messaging/clear_events/com.plexapp.agents.imdb
Oct 16, 2023 19:20:08.850 [275035740984] DEBUG - [HttpClient/HCl#1c] HTTP/1.1 (0.0s) 200 response from GET http://127.0.0.1:46003/system/messaging/clear_events/com.plexapp.agents.imdb (reused)
Oct 16, 2023 19:20:08.851 [275086580536] DEBUG - [Req#10] [com.plexapp.system] HTTP reply status 200, with 0 bytes of content.
Oct 16, 2023 19:20:08.851 [275013688120] DEBUG - Completed: [127.0.0.1:53906] 200 GET /system/messaging/clear_events/com.plexapp.agents.imdb (2 live) #10 GZIP 14ms 280 bytes
Oct 16, 2023 19:20:09.250 [275089582904] DEBUG - Request: [127.0.0.1:53914 (Loopback)] GET /:/plugins/com.plexapp.system/resourceHashes (2 live) #13 GZIP Signed-in Token (8zh6k)
Oct 16, 2023 19:20:09.250 [275089582904] DEBUG - [Req#13] [com.plexapp.system] Sending command over HTTP (GET): /:/plugins/com.plexapp.system/resourceHashes
Oct 16, 2023 19:20:09.250 [275089582904] DEBUG - [Req#13/HCl#1d] HTTP requesting GET http://127.0.0.1:46003/:/plugins/com.plexapp.system/resourceHashes
Oct 16, 2023 19:20:09.413 [275035740984] DEBUG - [HttpClient/HCl#1d] HTTP/1.1 (0.2s) 404 response from GET http://127.0.0.1:46003/:/plugins/com.plexapp.system/resourceHashes
Oct 16, 2023 19:20:09.414 [275089582904] DEBUG - [Req#13] [com.plexapp.system] HTTP reply status 404, with 0 bytes of content.
Oct 16, 2023 19:20:09.414 [275013688120] DEBUG - Completed: [127.0.0.1:53914] 404 GET /:/plugins/com.plexapp.system/resourceHashes (2 live) #13 GZIP 164ms 261 bytes
Oct 16, 2023 19:20:09.458 [275086580536] DEBUG - Request: [127.0.0.1:53926 (Loopback)] GET /:/plugins/com.plexapp.system/messaging/function/X0J1bmRsZVNlcnZpY2U6QWxsU2VydmljZXM_/Y2VyZWFsMQoxCmxpc3QKMApyMAo_/Y2VyZWFsMQoxCmRpY3QKMApyMAo_ (2 live) #15 GZIP Signed-in Token (8zh6k)
Oct 16, 2023 19:20:09.459 [275086580536] DEBUG - [Req#15] [com.plexapp.system] Sending command over HTTP (GET): /:/plugins/com.plexapp.system/messaging/function/X0J1bmRsZVNlcnZpY2U6QWxsU2VydmljZXM_/Y2VyZWFsMQoxCmxpc3QKMApyMAo_/Y2VyZWFsMQoxCmRpY3QKMApyMAo_
Oct 16, 2023 19:20:09.459 [275086580536] DEBUG - [Req#15/HCl#1e] HTTP requesting GET http://127.0.0.1:46003/:/plugins/com.plexapp.system/messaging/function/X0J1bmRsZVNlcnZpY2U6QWxsU2VydmljZXM_/Y2VyZWFsMQoxCmxpc3QKMApyMAo_/Y2VyZWFsMQoxCmRpY3QKMApyMAo_
Oct 16, 2023 19:20:09.462 [275089582904] DEBUG - Request: [127.0.0.1:53936 (Loopback)] GET / (3 live) #17 GZIP Signed-in Token (8zh6k)
Oct 16, 2023 19:20:09.471 [275013688120] DEBUG - Completed: [127.0.0.1:53936] 200 GET / (3 live) #17 GZIP 8ms 3475 bytes
Oct 16, 2023 19:20:09.472 [275035740984] DEBUG - [HttpClient/HCl#1e] HTTP/1.1 (0.0s) 200 response from GET http://127.0.0.1:46003/:/plugins/com.plexapp.system/messaging/function/X0J1bmRsZVNlcnZpY2U6QWxsU2VydmljZXM_/Y2VyZWFsMQoxCmxpc3QKMApyMAo_/Y2VyZWFsMQoxCmRpY3QKMApyMAo_
Oct 16, 2023 19:20:09.472 [275086580536] DEBUG - [Req#15] [com.plexapp.system] HTTP reply status 200, with 516 bytes of content.
Oct 16, 2023 19:20:09.473 [275013688120] DEBUG - Completed: [127.0.0.1:53926] 200 GET /:/plugins/com.plexapp.system/messaging/function/X0J1bmRsZVNlcnZpY2U6QWxsU2VydmljZXM_/Y2VyZWFsMQoxCmxpc3QKMApyMAo_/Y2VyZWFsMQoxCmRpY3QKMApyMAo_ (2 live) #15 GZIP 14ms 746 bytes
Oct 16, 2023 19:20:10.363 [274998172304] DEBUG - Waiting for server condition to be signaled.
Oct 16, 2023 19:20:10.363 [275011578680] DEBUG - [EventSourceClient/pubsub/192.46.236.7:443] MyPlex: async reachability check - current mapped state: 'Mapped - Publishing'.
Oct 16, 2023 19:20:10.363 [275011578680] DEBUG - [EventSourceClient/pubsub/192.46.236.7:443] MyPlex: Requesting reachability check.
Oct 16, 2023 19:20:10.364 [275011578680] DEBUG - [EventSourceClient/pubsub/192.46.236.7:443/HCl#21] HTTP requesting PUT https://plex.tv/api/servers/7930a3432940498d684d9eb8394867da195ad397/connectivity?X-Plex-Token=xxxxxxxxxxxxxxxxxxxx&asyncIdentifier=f413a07c-6a98-4d9d-a809-6b2b261f4ce6
Oct 16, 2023 19:20:10.433 [275035740984] DEBUG - [HttpClient/HCl#21] HTTP/2.0 (0.1s) 200 response from PUT https://plex.tv/api/servers/7930a3432940498d684d9eb8394867da195ad397/connectivity?X-Plex-Token=xxxxxxxxxxxxxxxxxxxx&asyncIdentifier=f413a07c-6a98-4d9d-a809-6b2b261f4ce6 (reused)
Oct 16, 2023 19:20:10.434 [275011578680] DEBUG - [EventSourceClient/pubsub/192.46.236.7:443] Successfully connected to 192.46.236.7.
Oct 16, 2023 19:20:10.491 [275013688120] DEBUG - [EventSourceClient/pubsub/192.46.236.7:443] EventSource: Got event [data] '<Message address="" port="0" asyncIdentifier="f413a07c-6a98-4d9d-a809-6b2b261f4ce6" connectivity="0" command="notifyConnectivity"/>'
Oct 16, 2023 19:20:10.492 [275013688120] DEBUG - [EventSourceClient/pubsub/192.46.236.7:443] PubSub: Got notified of reachability for async identifier f413a07c-6a98-4d9d-a809-6b2b261f4ce6: 0 for :0 (responded in 57 ms)
Oct 16, 2023 19:20:10.492 [275013688120] DEBUG - [EventSourceClient/pubsub/192.46.236.7:443] MyPlex: reachability check - current mapping state: 'Mapped - Publishing'.
Oct 16, 2023 19:20:10.492 [275013688120] DEBUG - [EventSourceClient/pubsub/192.46.236.7:443] MyPlex: mapping state set to 'Mapped - Not Published (Not Reachable)'.
Oct 16, 2023 19:20:10.859 [275040164664] DEBUG - DVR:Device: Discovering and refreshing all devices.
Oct 16, 2023 19:20:10.860 [275040164664] DEBUG - Grabber: HDHomerun discovered 0 compatible devices.
Oct 16, 2023 19:20:10.860 [275040164664] DEBUG - [HCl#22] HTTP requesting POST http://127.0.0.1:32600/devices/discover
Oct 16, 2023 19:20:11.228 [275099450168] DEBUG - [NSB] NetworkServiceBrowser: SERVER arrived: 127.0.0.1 (plex-server)
Oct 16, 2023 19:20:11.228 [275099450168] DEBUG - [NSB] Notifying the system bundle an update to server /system/notify/serverUpdated?host=127.0.0.1
Oct 16, 2023 19:20:11.228 [275099450168] DEBUG - [NSB] [com.plexapp.system] Sending command over HTTP (GET): /system/notify/serverUpdated?host=127.0.0.1
Oct 16, 2023 19:20:11.229 [275099450168] DEBUG - [NSB/HCl#23] HTTP requesting GET http://127.0.0.1:46003/system/notify/serverUpdated?host=127.0.0.1
Oct 16, 2023 19:20:11.258 [275089582904] DEBUG - Request: [127.0.0.1:34122 (Loopback)] GET /servers (2 live) #18 GZIP Signed-in Token (8zh6k)
Oct 16, 2023 19:20:11.261 [275013688120] DEBUG - Completed: [127.0.0.1:34122] 200 GET /servers (2 live) #18 GZIP 2ms 494 bytes
Oct 16, 2023 19:20:11.280 [275035740984] DEBUG - [HttpClient/HCl#23] HTTP/1.1 (0.0s) 200 response from GET http://127.0.0.1:46003/system/notify/serverUpdated?host=127.0.0.1
Oct 16, 2023 19:20:11.280 [275099450168] DEBUG - [NSB] [com.plexapp.system] HTTP reply status 200, with 0 bytes of content.
Oct 16, 2023 19:20:11.490 [275089582904] DEBUG - Request: [127.0.0.1:34136 (Loopback)] GET /:/plugins/com.plexapp.system/messaging/function/X0FnZW50U2VydmljZTpVcGRhdGVJbmZv/Y2VyZWFsMQoxCmxpc3QKMApyMAo_/Y2VyZWFsMQo3CmRpY3QKbGlzdApkaWN0Cmxpc3QKbGlzdApsaXN0Cmxpc3QKMgpzMjMKY29tLnBsZXhhcHAuYWdlbnRzLmltZGJzMTAKaWRlbnRpZmllcnIxCnMxMAphZ2VudF9pbmZvMQpyMgoxMApyMwpzMTEKbWVkaWFfdHlwZXNyNApzMTIKYWNjZXB0c19mcm9tbnMxNApmYWxsYmFja19hZ2VudHI1CnMxNApjb250cmlidXRlc190b3I2CnM5Cmxhbmd1YWdlc2IxczIwCnBlcnNpc3Rfc3RvcmVkX2ZpbGVzaTAKczcKdmVyc2lvbmIxczE2CnByaW1hcnlfcHJvdmlkZXJiMXM1CnByZWZzczE5ClBsZXggTW92aWUgKExlZ2FjeSlzNApuYW1lMQpzNQpNb3ZpZTEKczI5CmNvbS5wbGV4YXBwLmFnZW50cy5sb2NhbG1lZGlhMQpzMjkKY29tLnBsZXhhcHAuYWdlbnRzLnRoZW1vdmllZGIzMwpzMgplbnMyCnN2czIKZnJzMgplc3MyCm5sczIKZGVzMgppdHMyCmRhczIKYXJzMgpjYXMyCnpoczIKY3NzMgpldHMyCmZpczIKZWxzMgpoZXMyCmhpczIKaHVzMgppZHMyCmphczIKa29zMgpsdnMyCm5vczIKZmFzMgpwbHMyCnB0czIKcm9zMgpydXMyCnNrczIKdGhzMgp0cnMyCnVrczIKdmlyMAo_ (2 live) #1b GZIP Signed-in Token (8zh6k)
Oct 16, 2023 19:20:11.491 [275089582904] DEBUG - [Req#1b] [com.plexapp.system] Sending command over HTTP (GET): /:/plugins/com.plexapp.system/messaging/function/X0FnZW50U2VydmljZTpVcGRhdGVJbmZv/Y2VyZWFsMQoxCmxpc3QKMApyMAo_/Y2VyZWFsMQo3CmRpY3QKbGlzdApkaWN0Cmxpc3QKbGlzdApsaXN0Cmxpc3QKMgpzMjMKY29tLnBsZXhhcHAuYWdlbnRzLmltZGJzMTAKaWRlbnRpZmllcnIxCnMxMAphZ2VudF9pbmZvMQpyMgoxMApyMwpzMTEKbWVkaWFfdHlwZXNyNApzMTIKYWNjZXB0c19mcm9tbnMxNApmYWxsYmFja19hZ2VudHI1CnMxNApjb250cmlidXRlc190b3I2CnM5Cmxhbmd1YWdlc2IxczIwCnBlcnNpc3Rfc3RvcmVkX2ZpbGVzaTAKczcKdmVyc2lvbmIxczE2CnByaW1hcnlfcHJvdmlkZXJiMXM1CnByZWZzczE5ClBsZXggTW92aWUgKExlZ2FjeSlzNApuYW1lMQpzNQpNb3ZpZTEKczI5CmNvbS5wbGV4YXBwLmFnZW50cy5sb2NhbG1lZGlhMQpzMjkKY29tLnBsZXhhcHAuYWdlbnRzLnRoZW1vdmllZGIzMwpzMgplbnMyCnN2czIKZnJzMgplc3MyCm5sczIKZGVzMgppdHMyCmRhczIKYXJzMgpjYXMyCnpoczIKY3NzMgpldHMyCmZpczIKZWxzMgpoZXMyCmhpczIKaHVzMgppZHMyCmphczIKa29zMgpsdnMyCm5vczIKZmFzMgpwbHMyCnB0czIKcm9zMgpydXMyCnNrczIKdGhzMgp0cnMyCnVrczIKdmlyMAo_
Oct 16, 2023 19:20:11.491 [275089582904] DEBUG - [Req#1b/HCl#24] HTTP requesting GET http://127.0.0.1:46003/:/plugins/com.plexapp.system/messaging/function/X0FnZW50U2VydmljZTpVcGRhdGVJbmZv/Y2VyZWFsMQoxCmxpc3QKMApyMAo_/Y2VyZWFsMQo3CmRpY3QKbGlzdApkaWN0Cmxpc3QKbGlzdApsaXN0Cmxpc3QKMgpzMjMKY29tLnBsZXhhcHAuYWdlbnRzLmltZGJzMTAKaWRlbnRpZmllcnIxCnMxMAphZ2VudF9pbmZvMQpyMgoxMApyMwpzMTEKbWVkaWFfdHlwZXNyNApzMTIKYWNjZXB0c19mcm9tbnMxNApmYWxsYmFja19hZ2VudHI1CnMxNApjb250cmlidXRlc190b3I2CnM5Cmxhbmd1YWdlc2IxczIwCnBlcnNpc3Rfc3RvcmVkX2ZpbGVzaTAKczcKdmVyc2lvbmIxczE2CnByaW1hcnlfcHJvdmlkZXJiMXM1CnByZWZzczE5ClBsZXggTW92aWUgKExlZ2FjeSlzNApuYW1lMQpzNQpNb3ZpZTEKczI5CmNvbS5wbGV4YXBwLmFnZW50cy5sb2NhbG1lZGlhMQpzMjkKY29tLnBsZXhhcHAuYWdlbnRzLnRoZW1vdmllZGIzMwpzMgplbnMyCnN2czIKZnJzMgplc3MyCm5sczIKZGVzMgppdHMyCmRhczIKYXJzMgpjYXMyCnpoczIKY3NzMgpldHMyCmZpczIKZWxzMgpoZXMyCmhpczIKaHVzMgppZHMyCmphczIKa29zMgpsdnMyCm5vczIKZmFzMgpwbHMyCnB0czIKcm9zMgpydXMyCnNrczIKdGhzMgp0cnMyCnVrczIKdmlyMAo_
Oct 16, 2023 19:20:11.508 [275035740984] DEBUG - [HttpClient/HCl#24] HTTP/1.1 (0.0s) 200 response from GET http://127.0.0.1:46003/:/plugins/com.plexapp.system/messaging/function/X0FnZW50U2VydmljZTpVcGRhdGVJbmZv/Y2VyZWFsMQoxCmxpc3QKMApyMAo_/Y2VyZWFsMQo3CmRpY3QKbGlzdApkaWN0Cmxpc3QKbGlzdApsaXN0Cmxpc3QKMgpzMjMKY29tLnBsZXhhcHAuYWdlbnRzLmltZGJzMTAKaWRlbnRpZmllcnIxCnMxMAphZ2VudF9pbmZvMQpyMgoxMApyMwpzMTEKbWVkaWFfdHlwZXNyNApzMTIKYWNjZXB0c19mcm9tbnMxNApmYWxsYmFja19hZ2VudHI1CnMxNApjb250cmlidXRlc190b3I2CnM5Cmxhbmd1YWdlc2IxczIwCnBlcnNpc3Rfc3RvcmVkX2ZpbGVzaTAKczcKdmVyc2lvbmIxczE2CnByaW1hcnlfcHJvdmlkZXJiMXM1CnByZWZzczE5ClBsZXggTW92aWUgKExlZ2FjeSlzNApuYW1lMQpzNQpNb3ZpZTEKczI5CmNvbS5wbGV4YXBwLmFnZW50cy5sb2NhbG1lZGlhMQpzMjkKY29tLnBsZXhhcHAuYWdlbnRzLnRoZW1vdmllZGIzMwpzMgplbnMyCnN2czIKZnJzMgplc3MyCm5sczIKZGVzMgppdHMyCmRhczIKYXJzMgpjYXMyCnpoczIKY3NzMgpldHMyCmZpczIKZWxzMgpoZXMyCmhpczIKaHVzMgppZHMyCmphczIKa29zMgpsdnMyCm5vczIKZmFzMgpwbHMyCnB0czIKcm9zMgpydXMyCnNrczIKdGhzMgp0cnMyCnVrczIKdmlyMAo_ (reused)
Oct 16, 2023 19:20:11.508 [275089582904] DEBUG - [Req#1b] [com.plexapp.system] HTTP reply status 200, with 16 bytes of content.
Oct 16, 2023 19:20:11.509 [275011578680] DEBUG - Completed: [127.0.0.1:34136] 200 GET /:/plugins/com.plexapp.system/messaging/function/X0FnZW50U2VydmljZTpVcGRhdGVJbmZv/Y2VyZWFsMQoxCmxpc3QKMApyMAo_/Y2VyZWFsMQo3CmRpY3QKbGlzdApkaWN0Cmxpc3QKbGlzdApsaXN0Cmxpc3QKMgpzMjMKY29tLnBsZXhhcHAuYWdlbnRzLmltZGJzMTAKaWRlbnRpZmllcnIxCnMxMAphZ2VudF9pbmZvMQpyMgoxMApyMwpzMTEKbWVkaWFfdHlwZXNyNApzMTIKYWNjZXB0c19mcm9tbnMxNApmYWxsYmFja19hZ2VudHI1CnMxNApjb250cmlidXRlc190b3I2CnM5Cmxhbmd1YWdlc2IxczIwCnBlcnNpc3Rfc3RvcmVkX2ZpbGVzaTAKczcKdmVyc2lvbmIxczE2CnByaW1hcnlfcHJvdmlkZXJiMXM1CnByZWZzczE5ClBsZXggTW92aWUgKExlZ2FjeSlzNApuYW1lMQpzNQpNb3ZpZTEKczI5CmNvbS5wbGV4YXBwLmFnZW50cy5sb2NhbG1lZGlhMQpzMjkKY29tLnBsZXhhcHAuYWdlbnRzLnRoZW1vdmllZGIzMwpzMgplbnMyCnN2czIKZnJzMgplc3MyCm5sczIKZGVzMgppdHMyCmRhczIKYXJzMgpjYXMyCnpoczIKY3NzMgpldHMyCmZpczIKZWxzMgpoZXMyCmhpczIKaHVzMgppZHMyCmphczIKa29zMgpsdnMyCm5vczIKZmFzMgpwbHMyCnB0czIKcm9zMgpydXMyCnNrczIKdGhzMgp0cnMyCnVrczIKdmlyMAo_ (2 live) #1b GZIP 18ms 415 bytes
Oct 16, 2023 19:20:11.530 [275129015096] DEBUG - [Req#d] Reading 148 bytes in the body, code is 200
Oct 16, 2023 19:20:11.530 [275129015096] DEBUG - [Req#d] [com.plexapp.agents.imdb] Plug-in running on port 39781.
Oct 16, 2023 19:20:11.530 [275129015096] DEBUG - [Req#d] Read configuration for [com.plexapp.agents.imdb], had 0 prefixes
Oct 16, 2023 19:20:11.531 [275129015096] DEBUG - [Req#d] [com.plexapp.agents.imdb] Sending command over HTTP (GET): /:/plugins/com.plexapp.agents.imdb/prefs
Oct 16, 2023 19:20:11.531 [275129015096] DEBUG - [Req#d/HCl#25] HTTP requesting GET http://127.0.0.1:39781/:/plugins/com.plexapp.agents.imdb/prefs
Oct 16, 2023 19:20:11.590 [275035740984] DEBUG - [HttpClient/HCl#25] HTTP/1.1 (0.1s) 200 response from GET http://127.0.0.1:39781/:/plugins/com.plexapp.agents.imdb/prefs
Oct 16, 2023 19:20:11.591 [275129015096] DEBUG - [Req#d] [com.plexapp.agents.imdb] HTTP reply status 200, with 2224 bytes of content.
Oct 16, 2023 19:20:11.592 [275129015096] DEBUG - Caching document http://127.0.0.1:32400/:/plugins/com.plexapp.agents.imdb/prefs as ec78e33d52ba845553d07bfe51eb3d403f3ec084
Oct 16, 2023 19:20:11.593 [275129015096] DEBUG - IVA: Downloading trailer lists.
Oct 16, 2023 19:20:11.753 [275117611832] DEBUG - [PubsubServerManager/process/HCl#27] HTTP requesting GET https://plex.tv/services/pubsub/servers
Oct 16, 2023 19:20:11.819 [275035740984] DEBUG - [HttpClient/HCl#27] HTTP/2.0 (0.1s) 200 response from GET https://plex.tv/services/pubsub/servers (reused)
Oct 16, 2023 19:20:11.896 [275008891704] DEBUG - [MediaProviderManager/MetadataAgentManager] [tv.plex.agents.movie] provider added to map
Oct 16, 2023 19:20:11.898 [275008891704] DEBUG - [MediaProviderManager/MetadataAgentManager] [tv.plex.agents.series] provider added to map
Oct 16, 2023 19:20:11.901 [275008891704] DEBUG - [MediaProviderManager/MetadataAgentManager] [tv.plex.agents.music] provider added to map
Oct 16, 2023 19:20:11.904 [275008891704] DEBUG - [MediaProviderManager/MetadataAgentManager] [org.musicbrainz.agents.music] provider added to map
Oct 16, 2023 19:20:11.961 [275059092280] ERROR - downloadContainer: expected MediaContainer element, found Error
Oct 16, 2023 19:20:11.961 [275129015096] ERROR - IVA: Error downloading trailers for source 1.
Oct 16, 2023 19:20:12.211 [275061201720] ERROR - downloadContainer: expected MediaContainer element, found Error
Oct 16, 2023 19:20:12.211 [275129015096] ERROR - IVA: Error downloading trailers for source 2.
Oct 16, 2023 19:20:12.344 [275086580536] DEBUG - Request: [[::1]:49474 (Loopback)] GET /identity (2 live) #1d Signed-in
Oct 16, 2023 19:20:12.345 [275013688120] DEBUG - Completed: [[::1]:49474] 200 GET /identity (2 live) #1d 0ms 398 bytes (pipelined: 1)
Oct 16, 2023 19:20:12.672 [275117611832] DEBUG - [PubsubServerManager/process] Time to connect to 192.46.236.7 was 161 ms.
Oct 16, 2023 19:20:12.672 [275117611832] DEBUG - [PubsubServerManager/process] Time to connect to 139.162.170.32 was 169 ms.
Oct 16, 2023 19:20:12.672 [275117611832] DEBUG - [PubsubServerManager/process] Time to connect to 178.79.180.168 was 185 ms.
Oct 16, 2023 19:20:12.672 [275117611832] DEBUG - [PubsubServerManager/process] Time to connect to 172.104.24.90 was 363 ms.
Oct 16, 2023 19:20:12.672 [275117611832] DEBUG - [PubsubServerManager/process] Time to connect to 172.105.29.107 was 369 ms.
Oct 16, 2023 19:20:12.672 [275117611832] DEBUG - [PubsubServerManager/process] Time to connect to 45.56.115.195 was 421 ms.
Oct 16, 2023 19:20:12.672 [275117611832] DEBUG - [PubsubServerManager/process] Time to connect to 45.33.125.156 was 472 ms.
Oct 16, 2023 19:20:12.672 [275117611832] DEBUG - [PubsubServerManager/process] Time to connect to 45.56.82.212 was 545 ms.
Oct 16, 2023 19:20:12.672 [275117611832] DEBUG - [PubsubServerManager/process] Time to connect to 139.162.57.189 was 702 ms.
Oct 16, 2023 19:20:12.672 [275117611832] DEBUG - [PubsubServerManager/process] Time to connect to 139.162.120.52 was 845 ms.
Oct 16, 2023 19:20:12.683 [275117611832] DEBUG - [PubsubServerManager/process] Updating best ping time for 192.46.236.7 to 161 ms.
Oct 16, 2023 19:20:13.328 [275035740984] DEBUG - [HttpClient/HCl#22] HTTP/1.1 (2.5s) 200 response from POST http://127.0.0.1:32600/devices/discover
Oct 16, 2023 19:20:16.650 [275117611832] DEBUG - Grabber: Cleaning up orphaned grabs.
Oct 16, 2023 19:20:16.652 [275117611832] DEBUG - Grabber: Cleaned up 0 decrepit directories in 0.0 sec.
Oct 16, 2023 19:20:16.654 [275117611832] DEBUG - Activity: registered new activity 0a46b3e6-3da6-4518-86af-c76896a04ee7 - "Processing subscriptions"
Oct 16, 2023 19:20:16.655 [275117611832] DEBUG - Subscription: Scheduling subscriptions.
Oct 16, 2023 19:20:16.655 [275117611832] DEBUG - Subscription: Initialized 0 schedulers.
Oct 16, 2023 19:20:16.655 [275117611832] DEBUG - Subscription: Starting with 0 grabs, scheduled 0 active ones preemptively.
Oct 16, 2023 19:20:16.655 [275117611832] DEBUG - Subscription: Scheduled all subscriptions in 0 ms.
Oct 16, 2023 19:20:16.662 [275117611832] DEBUG - Activity: Ended activity 0a46b3e6-3da6-4518-86af-c76896a04ee7.
Oct 16, 2023 19:20:16.666 [275117611832] DEBUG - Subscription: There are 0 active grabs at the end.
Oct 16, 2023 19:20:16.671 [275117611832] DEBUG - Activity: Ended activity 22cbabe6-8dac-4a2a-a0c0-bf0b69cc24f2.
Oct 16, 2023 19:20:16.673 [275117611832] DEBUG - Subscription: Refreshed all content in 24 ms.
Oct 16, 2023 19:20:16.754 [275008891704] DEBUG - [HCl#29] HTTP requesting GET https://plex.tv/api/resources.xml?includeHttps=1&includeRelay=1&auth_token=xxxxxxxxxxxxxxxxxxxx
Oct 16, 2023 19:20:16.839 [275035740984] DEBUG - [HttpClient/HCl#29] HTTP/2.0 (0.1s) 200 response from GET https://plex.tv/api/resources.xml?includeHttps=1&includeRelay=1&auth_token=xxxxxxxxxxxxxxxxxxxx (reused)
Oct 16, 2023 19:20:16.843 [275008891704] DEBUG - Media Server: Tested all servers in 0.0 seconds.
Oct 16, 2023 19:20:17.599 [275086580536] DEBUG - Request: [[::1]:49482 (Loopback)] GET /identity (2 live) #20 Signed-in
Oct 16, 2023 19:20:17.599 [275011578680] DEBUG - Completed: [[::1]:49482] 200 GET /identity (2 live) #20 0ms 398 bytes (pipelined: 1)
Oct 16, 2023 19:20:22.844 [275086580536] DEBUG - Request: [[::1]:47688 (Loopback)] GET /identity (2 live) #23 Signed-in
Oct 16, 2023 19:20:22.844 [275013688120] DEBUG - Completed: [[::1]:47688] 200 GET /identity (2 live) #23 0ms 398 bytes (pipelined: 1)
Oct 16, 2023 19:20:28.115 [275086580536] DEBUG - Request: [[::1]:47700 (Loopback)] GET /identity (2 live) #26 Signed-in
Oct 16, 2023 19:20:28.116 [275013688120] DEBUG - Completed: [[::1]:47700] 200 GET /identity (2 live) #26 0ms 398 bytes (pipelined: 1)
Oct 16, 2023 19:20:30.783 [275129015096] DEBUG - [HCl#2a] HTTP requesting GET https://plex.tv/api/v2/shared_sources/owned?machineIdentifier=7930a3432940498d684d9eb8394867da195ad397
Oct 16, 2023 19:20:30.852 [275035740984] DEBUG - [HttpClient/HCl#2a] HTTP/2.0 (0.1s) 200 response from GET https://plex.tv/api/v2/shared_sources/owned?machineIdentifier=7930a3432940498d684d9eb8394867da195ad397 (reused)
Oct 16, 2023 19:20:30.860 [275129015096] DEBUG - [HCl#2b] HTTP requesting GET https://plex.tv/api/v2/server/access_tokens?auth_token=xxxxxxxxxxxxxxxxxxxx
Oct 16, 2023 19:20:30.935 [275035740984] DEBUG - [HttpClient/HCl#2b] HTTP/2.0 (0.1s) 200 response from GET https://plex.tv/api/v2/server/access_tokens?auth_token=xxxxxxxxxxxxxxxxxxxx (reused)
Oct 16, 2023 19:20:30.939 [275129015096] DEBUG - MyPlex: updating with 6 access tokens
Oct 16, 2023 19:20:30.940 [275129015096] DEBUG - [HCl#2c] HTTP requesting GET https://plex.tv/api/v2/server/users?auth_token=xxxxxxxxxxxxxxxxxxxx
Oct 16, 2023 19:20:30.940 [275119856440] DEBUG - [MediaProviderManager/HCl#2d] HTTP requesting GET https://plex.tv/media/providers?X-Plex-Token=xxxxxxxxxxxxxxxxxxxx
Oct 16, 2023 19:20:31.016 [275035740984] DEBUG - [HttpClient/HCl#2c] HTTP/2.0 (0.1s) 200 response from GET https://plex.tv/api/v2/server/users?auth_token=xxxxxxxxxxxxxxxxxxxx (reused)
Oct 16, 2023 19:20:31.016 [275035740984] DEBUG - [HttpClient/HCl#2d] HTTP/2.0 (0.1s) 200 response from GET https://plex.tv/media/providers?X-Plex-Token=xxxxxxxxxxxxxxxxxxxx (reused)
Oct 16, 2023 19:20:31.018 [275119856440] DEBUG - [MediaProviderManager] discovered cloud provider (Movies & TV)
Oct 16, 2023 19:20:31.018 [275119856440] DEBUG - [MediaProviderManager] discovered cloud provider (Music)
Oct 16, 2023 19:20:31.018 [275119856440] DEBUG - [MediaProviderManager] discovered cloud provider (Metadata)
Oct 16, 2023 19:20:31.018 [275119856440] DEBUG - [MediaProviderManager] loading cloud provider details (Metadata) (alive: 1)
Oct 16, 2023 19:20:31.018 [275119856440] DEBUG - [MediaProviderManager] loading cloud provider details (Music) (alive: 1)
Oct 16, 2023 19:20:31.018 [275119856440] DEBUG - [MediaProviderManager] loading cloud provider details (Movies & TV) (alive: 1)
Oct 16, 2023 19:20:31.018 [275119856440] DEBUG - [MediaProviderManager] we had 3 cloud providers online, we now have 3
Oct 16, 2023 19:20:31.018 [275119856440] DEBUG - [MediaProviderManager] cloud provider (Metadata) is online and available
Oct 16, 2023 19:20:31.018 [275119856440] DEBUG - [MediaProviderManager] cloud provider (Music) is online and available
Oct 16, 2023 19:20:31.018 [275119856440] DEBUG - [MediaProviderManager] cloud provider (Movies & TV) is online and available
Oct 16, 2023 19:20:31.021 [275163241272] DEBUG - [HCl#2e] HTTP requesting GET https://plex.tv/api/v2/server/users/subscriptions?auth_token=xxxxxxxxxxxxxxxxxxxx
Oct 16, 2023 19:20:31.087 [275035740984] DEBUG - [HttpClient/HCl#2e] HTTP/2.0 (0.1s) 200 response from GET https://plex.tv/api/v2/server/users/subscriptions?auth_token=xxxxxxxxxxxxxxxxxxxx (reused)
Oct 16, 2023 19:20:31.093 [275165793080] DEBUG - MyPlex: using cached data for request for https://plex.tv/api/v2/server/users/services?auth_token=xxxxxxxxxxxxxxxxxxxx
Oct 16, 2023 19:20:33.374 [275086580536] DEBUG - Request: [[::1]:46942 (Loopback)] GET /identity (2 live) #29 Signed-in
Oct 16, 2023 19:20:33.375 [275011578680] DEBUG - Completed: [[::1]:46942] 200 GET /identity (2 live) #29 0ms 398 bytes (pipelined: 1)
Oct 16, 2023 19:20:38.623 [275086580536] DEBUG - Request: [[::1]:46946 (Loopback)] GET /identity (2 live) #2c Signed-in
Oct 16, 2023 19:20:38.623 [275011578680] DEBUG - Completed: [[::1]:46946] 200 GET /identity (2 live) #2c 0ms 398 bytes (pipelined: 1)
Oct 16, 2023 19:20:43.871 [275086580536] DEBUG - Request: [[::1]:50354 (Loopback)] GET /identity (2 live) #2f Signed-in
Oct 16, 2023 19:20:43.872 [275011578680] DEBUG - Completed: [[::1]:50354] 200 GET /identity (2 live) #2f 0ms 398 bytes (pipelined: 1)
Oct 16, 2023 19:20:49.130 [275086580536] DEBUG - Request: [[::1]:50362 (Loopback)] GET /identity (2 live) #32 Signed-in
Oct 16, 2023 19:20:49.130 [275011578680] DEBUG - Completed: [[::1]:50362] 200 GET /identity (2 live) #32 0ms 398 bytes (pipelined: 1)
Oct 16, 2023 19:20:54.377 [275086580536] DEBUG - Request: [[::1]:59710 (Loopback)] GET /identity (2 live) #35 Signed-in
Oct 16, 2023 19:20:54.377 [275011578680] DEBUG - Completed: [[::1]:59710] 200 GET /identity (2 live) #35 0ms 398 bytes (pipelined: 1)
Oct 16, 2023 19:20:59.604 [275086580536] DEBUG - Request: [[::1]:59724 (Loopback)] GET /identity (2 live) #38 Signed-in
Oct 16, 2023 19:20:59.604 [275011578680] DEBUG - Completed: [[::1]:59724] 200 GET /identity (2 live) #38 0ms 398 bytes (pipelined: 1)
Oct 16, 2023 19:21:04.840 [275086580536] DEBUG - Request: [[::1]:53740 (Loopback)] GET /identity (2 live) #3b Signed-in
Oct 16, 2023 19:21:04.840 [275011578680] DEBUG - Completed: [[::1]:53740] 200 GET /identity (2 live) #3b 0ms 398 bytes (pipelined: 1)
Oct 16, 2023 19:21:10.082 [275086580536] DEBUG - Request: [[::1]:53750 (Loopback)] GET /identity (2 live) #3e Signed-in
Oct 16, 2023 19:21:10.083 [275011578680] DEBUG - Completed: [[::1]:53750] 200 GET /identity (2 live) #3e 0ms 398 bytes (pipelined: 1)
Oct 16, 2023 19:21:11.733 [275086580536] DEBUG - Request: [[::1]:56368 (Loopback)] GET /web (2 live) #41 GZIP Signed-in
Oct 16, 2023 19:21:11.756 [275011578680] DEBUG - Completed: [[::1]:56368] 302 GET /web (2 live) #41 GZIP 23ms 232 bytes (pipelined: 1) -> http://localhost:32400/web/index.html
Oct 16, 2023 19:21:11.764 [275086580536] DEBUG - Request: [[::1]:56368 (Loopback)] GET /web/index.html (2 live) #45 GZIP Signed-in
Oct 16, 2023 19:21:11.766 [275086580536] DEBUG - [Req#45] Final path: "/usr/lib/plexmediaserver/Resources/Plug-ins-1cf77d501/WebClient.bundle/Contents/Resources/index.html"
Oct 16, 2023 19:21:11.769 [275086580536] DEBUG - Content-Length of /usr/lib/plexmediaserver/Resources/Plug-ins-1cf77d501/WebClient.bundle/Contents/Resources/index.html is 12383 (of total: 12383).
Oct 16, 2023 19:21:11.771 [275013688120] DEBUG - Completed: [[::1]:56368] 200 GET /web/index.html (2 live) #45 GZIP 7ms 12383 bytes (pipelined: 2)
Oct 16, 2023 19:21:11.785 [275086580536] DEBUG - Request: [[::1]:56368 (Loopback)] GET /web/3519-3519-35b03a3b034aaa63bb09-plex-4.108.0.32184-ffafb0d.css (2 live) #46 GZIP Signed-in
Oct 16, 2023 19:21:11.788 [275086580536] DEBUG - [Req#46] Final path: "/usr/lib/plexmediaserver/Resources/Plug-ins-1cf77d501/WebClient.bundle/Contents/Resources/3519-3519-35b03a3b034aaa63bb09-plex-4.108.0.32184-ffafb0d.css"
Oct 16, 2023 19:21:11.789 [275170962232] DEBUG - Request: [[::1]:56382 (Loopback)] GET /web/main-179-69d37121295f158388fa-plex-4.108.0.32184-ffafb0d.css (4 live) #44 GZIP Signed-in
Oct 16, 2023 19:21:11.790 [275170962232] DEBUG - [Req#44] Final path: "/usr/lib/plexmediaserver/Resources/Plug-ins-1cf77d501/WebClient.bundle/Contents/Resources/main-179-69d37121295f158388fa-plex-4.108.0.32184-ffafb0d.css"
Oct 16, 2023 19:21:11.790 [275168795448] DEBUG - Request: [[::1]:56386 (Loopback)] GET /web/js/3519-3519-35b03a3b034aaa63bb09-plex-4.108.0.32184-ffafb0d.js (5 live) #47 GZIP Signed-in
Oct 16, 2023 19:21:11.790 [275168795448] DEBUG - [Req#47] Final path: "/usr/lib/plexmediaserver/Resources/Plug-ins-1cf77d501/WebClient.bundle/Contents/Resources/js/3519-3519-35b03a3b034aaa63bb09-plex-4.108.0.32184-ffafb0d.js"
Oct 16, 2023 19:21:11.791 [275086580536] DEBUG - Content-Length of /usr/lib/plexmediaserver/Resources/Plug-ins-1cf77d501/WebClient.bundle/Contents/Resources/3519-3519-35b03a3b034aaa63bb09-plex-4.108.0.32184-ffafb0d.css is 80610 (of total: 80610).
Oct 16, 2023 19:21:11.791 [275168795448] DEBUG - Content-Length of /usr/lib/plexmediaserver/Resources/Plug-ins-1cf77d501/WebClient.bundle/Contents/Resources/js/3519-3519-35b03a3b034aaa63bb09-plex-4.108.0.32184-ffafb0d.js is 1820156 (of total: 1820156).
Oct 16, 2023 19:21:11.791 [275170962232] DEBUG - Content-Length of /usr/lib/plexmediaserver/Resources/Plug-ins-1cf77d501/WebClient.bundle/Contents/Resources/main-179-69d37121295f158388fa-plex-4.108.0.32184-ffafb0d.css is 458076 (of total: 458076).
Oct 16, 2023 19:21:11.791 [275173247800] DEBUG - Request: [[::1]:56400 (Loopback)] GET /web/js/main-179-69d37121295f158388fa-plex-4.108.0.32184-ffafb0d.js (5 live) #48 GZIP Signed-in
Oct 16, 2023 19:21:11.792 [275173247800] DEBUG - [Req#48] Final path: "/usr/lib/plexmediaserver/Resources/Plug-ins-1cf77d501/WebClient.bundle/Contents/Resources/js/main-179-69d37121295f158388fa-plex-4.108.0.32184-ffafb0d.js"
Oct 16, 2023 19:21:11.793 [275173247800] DEBUG - Content-Length of /usr/lib/plexmediaserver/Resources/Plug-ins-1cf77d501/WebClient.bundle/Contents/Resources/js/main-179-69d37121295f158388fa-plex-4.108.0.32184-ffafb0d.js is 3120893 (of total: 3120893).
Oct 16, 2023 19:21:11.793 [275011578680] DEBUG - Completed: [[::1]:56368] 200 GET /web/3519-3519-35b03a3b034aaa63bb09-plex-4.108.0.32184-ffafb0d.css (5 live) #46 GZIP 8ms 80610 bytes (pipelined: 3)
Oct 16, 2023 19:21:11.795 [275013688120] DEBUG - Completed: [[::1]:56382] 200 GET /web/main-179-69d37121295f158388fa-plex-4.108.0.32184-ffafb0d.css (5 live) #44 GZIP 8ms 458076 bytes (pipelined: 1)
Oct 16, 2023 19:21:11.809 [275013688120] DEBUG - Completed: [[::1]:56386] 200 GET /web/js/3519-3519-35b03a3b034aaa63bb09-plex-4.108.0.32184-ffafb0d.js (5 live) #47 GZIP 20ms 1820156 bytes (pipelined: 1)
Oct 16, 2023 19:21:11.820 [275011578680] DEBUG - Completed: [[::1]:56400] 200 GET /web/js/main-179-69d37121295f158388fa-plex-4.108.0.32184-ffafb0d.js (5 live) #48 GZIP 29ms 3120893 bytes (pipelined: 1)
Oct 16, 2023 19:21:12.057 [275086580536] DEBUG - Request: [[::1]:56368 (Loopback)] GET /web/translations/en-GB.json (5 live) #4a GZIP Signed-in
Oct 16, 2023 19:21:12.058 [275086580536] DEBUG - [Req#4a] Final path: "/usr/lib/plexmediaserver/Resources/Plug-ins-1cf77d501/WebClient.bundle/Contents/Resources/translations/en-GB.json"
Oct 16, 2023 19:21:12.063 [275086580536] DEBUG - Content-Length of /usr/lib/plexmediaserver/Resources/Plug-ins-1cf77d501/WebClient.bundle/Contents/Resources/translations/en-GB.json is 15294 (of total: 15294).
Oct 16, 2023 19:21:12.065 [275013688120] DEBUG - Completed: [[::1]:56368] 200 GET /web/translations/en-GB.json (5 live) #4a GZIP 8ms 15294 bytes (pipelined: 4)
Oct 16, 2023 19:21:12.123 [275168795448] DEBUG - Request: [[::1]:56368 (Loopback)] GET /web/favicon.ico (5 live) #4e GZIP Signed-in
Oct 16, 2023 19:21:12.124 [275168795448] DEBUG - [Req#4e] Final path: "/usr/lib/plexmediaserver/Resources/Plug-ins-1cf77d501/WebClient.bundle/Contents/Resources/favicon.ico"
Oct 16, 2023 19:21:12.124 [275168795448] DEBUG - Content-Length of /usr/lib/plexmediaserver/Resources/Plug-ins-1cf77d501/WebClient.bundle/Contents/Resources/favicon.ico is 5430 (of total: 5430).
Oct 16, 2023 19:21:12.126 [275011578680] DEBUG - Completed: [[::1]:56368] 200 GET /web/favicon.ico (5 live) #4e GZIP 3ms 5430 bytes (pipelined: 5)
Oct 16, 2023 19:21:12.139 [275170962232] DEBUG - Request: [[::1]:56412 (Loopback)] GET /media/providers (6 live) #49 GZIP Signed-in Token (8zh6k) (Safari)
Oct 16, 2023 19:21:12.140 [275013688120] DEBUG - Request: [[::1]:56368 (Loopback)] GET /media/providers (6 live) #4f GZIP Signed-in
Oct 16, 2023 19:21:12.143 [275011578680] DEBUG - Request: [[::1]:56382 (Loopback)] GET / (6 live) #4b GZIP Signed-in
Oct 16, 2023 19:21:12.143 [275013688120] DEBUG - Completed: [[::1]:56368] 401 GET /media/providers (6 live) #4f GZIP 0ms 357 bytes
Oct 16, 2023 19:21:12.147 [275011578680] DEBUG - Completed: [[::1]:56382] 401 GET / (7 live) #4b GZIP 0ms 435 bytes
Oct 16, 2023 19:21:12.148 [275011578680] DEBUG - Request: [[::1]:56422 (Loopback)] GET /media/providers (7 live) #50 GZIP Signed-in
Oct 16, 2023 19:21:12.149 [275013688120] DEBUG - Request: [[::1]:56428 (Loopback)] GET / (7 live) #51 GZIP Signed-in
Oct 16, 2023 19:21:12.150 [275013688120] DEBUG - Completed: [[::1]:56428] 401 GET / (6 live) #51 GZIP 0ms 563 bytes
Oct 16, 2023 19:21:12.152 [275173247800] DEBUG - Request: [[::1]:56386 (Loopback)] GET /identity (6 live) #4c GZIP Signed-in
Oct 16, 2023 19:21:12.157 [275013688120] DEBUG - Completed: [[::1]:56386] 200 GET /identity (5 live) #4c GZIP 5ms 480 bytes (pipelined: 2)
Oct 16, 2023 19:21:12.157 [275011578680] DEBUG - Completed: [[::1]:56422] 401 GET /media/providers (5 live) #50 GZIP 1ms 485 bytes
Oct 16, 2023 19:21:12.161 [275086580536] DEBUG - Request: [[::1]:56440 (Loopback)] GET /identity (5 live) #53 GZIP Signed-in
Oct 16, 2023 19:21:12.162 [275013688120] DEBUG - Completed: [[::1]:56440] 200 GET /identity (5 live) #53 GZIP 0ms 608 bytes (pipelined: 1)
Oct 16, 2023 19:21:12.176 [275013688120] DEBUG - Completed: [[::1]:56412] 200 GET /media/providers (5 live) #49 GZIP 37ms 3981 bytes (pipelined: 1)
Oct 16, 2023 19:21:12.210 [275168795448] DEBUG - Request: [[::1]:56412 (Loopback)] GET /status/sessions (5 live) #5b GZIP Signed-in Token (8zh6k) (Safari)
Oct 16, 2023 19:21:12.212 [275173247800] DEBUG - Request: [[::1]:56440 (Loopback)] GET /:/prefs (5 live) #59 GZIP Signed-in Token (8zh6k) (Safari)
Oct 16, 2023 19:21:12.214 [275168795448] DEBUG - [Req#5b] [Now] Adding 0 sessions.
Oct 16, 2023 19:21:12.215 [275086580536] DEBUG - Request: [[::1]:56456 (Loopback)] GET /updater/status (6 live) #58 GZIP Signed-in Token (8zh6k) (Safari)
Oct 16, 2023 19:21:12.219 [275013688120] DEBUG - Completed: [[::1]:56412] 200 GET /status/sessions (7 live) #5b GZIP 9ms 478 bytes (pipelined: 2)
Oct 16, 2023 19:21:12.220 [275168795448] DEBUG - Request: [[::1]:56386 (Loopback)] GET /media/providers (7 live) #57 GZIP Signed-in Token (8zh6k) (Safari)
Oct 16, 2023 19:21:12.220 [275011578680] DEBUG - Completed: [[::1]:56456] 200 GET /updater/status (7 live) #58 GZIP 4ms 561 bytes (pipelined: 1)
Oct 16, 2023 19:21:12.221 [275170962232] DEBUG - Request: [[::1]:56472 (Loopback)] GET /:/websockets/notifications (7 live) #5c GZIP Signed-in Token (8zh6k) (Safari)
Oct 16, 2023 19:21:12.227 [275011578680] DEBUG - Completed: [[::1]:56386] 200 GET /media/providers (7 live) #57 GZIP 7ms 3853 bytes (pipelined: 3)
Oct 16, 2023 19:21:12.232 [275086580536] DEBUG - Request: [[::1]:56412 (Loopback)] OPTIONS /updater/check?download=0 (7 live) #5e GZIP Signed-in Token ()
Oct 16, 2023 19:21:12.233 [275013688120] DEBUG - Completed: [[::1]:56412] 200 OPTIONS /updater/check?download=0 (7 live) #5e GZIP 0ms 379 bytes (pipelined: 3)
Oct 16, 2023 19:21:12.234 [275170962232] DEBUG - WebSocket: Performing handshake from origin http://localhost:32400
Oct 16, 2023 19:21:12.234 [275168795448] DEBUG - Request: [[::1]:56412 (Loopback)] PUT /updater/check?download=0 (7 live) #62 GZIP Signed-in Token (8zh6k) (Safari)
Oct 16, 2023 19:21:12.237 [275168795448] DEBUG - [Req#62] AutoUpdate: requesting check endpoint: /updater/products/5/check.xml?build=linux-x86_64&channel=16&distribution=debian&version=1.32.6.7557-1cf77d501, download: NO
Oct 16, 2023 19:21:12.238 [275168795448] DEBUG - [Req#62] Downloading document https://plex.tv/updater/products/5/check.xml?build=linux-x86_64&channel=16&distribution=debian&version=1.32.6.7557-1cf77d501
Oct 16, 2023 19:21:12.238 [275168795448] DEBUG - [Req#62/HCl#2f] HTTP requesting GET https://plex.tv/updater/products/5/check.xml?build=linux-x86_64&channel=16&distribution=debian&version=1.32.6.7557-1cf77d501
Oct 16, 2023 19:21:12.239 [275170962232] DEBUG - Beginning read from WebSocket
Oct 16, 2023 19:21:12.243 [275086580536] DEBUG - Request: [[::1]:56456 (Loopback)] GET /activities (7 live) #5f GZIP Signed-in Token (8zh6k) (Safari)
Oct 16, 2023 19:21:12.245 [275013688120] DEBUG - Completed: [[::1]:56456] 200 GET /activities (7 live) #5f GZIP 1ms 478 bytes (pipelined: 2)
Oct 16, 2023 19:21:12.258 [275013688120] DEBUG - Completed: [[::1]:56440] 200 GET /:/prefs (7 live) #59 GZIP 46ms 7265 bytes (pipelined: 2)
Oct 16, 2023 19:21:12.299 [275035740984] DEBUG - [HttpClient/HCl#2f] HTTP/2.0 (0.1s) 200 response from GET https://plex.tv/updater/products/5/check.xml?build=linux-x86_64&channel=16&distribution=debian&version=1.32.6.7557-1cf77d501 (reused)
Oct 16, 2023 19:21:12.300 [275168795448] INFO - [Req#62] AutoUpdate: no updates available
Oct 16, 2023 19:21:12.303 [275011578680] DEBUG - Completed: [[::1]:56412] 200 PUT /updater/check?download=0 (7 live) #62 GZIP 68ms 323 bytes (pipelined: 4)
Oct 16, 2023 19:21:12.961 [275170962232] DEBUG - Request: [[::1]:56412 (Loopback)] GET /hubs/continueWatching?contentDirectoryID=1%2C2&includeMeta=1&excludeFields=summary (7 live) #67 GZIP Signed-in Token (8zh6k) (Safari)
Oct 16, 2023 19:21:12.968 [275086580536] DEBUG - Request: [[::1]:56456 (Loopback)] GET /hubs/promoted?contentDirectoryID=2&pinnedContentDirectoryID=1%2C2&includeMeta=1&excludeFields=summary&count=12&includeStations=1&includeLibraryPlaylists=1&includeRecentChannels=1&excludeContinueWatching=1 (7 live) #63 GZIP Signed-in Token (8zh6k) (Safari)
Oct 16, 2023 19:21:12.969 [275173247800] DEBUG - Request: [[::1]:56440 (Loopback)] GET /hubs/promoted?contentDirectoryID=1&pinnedContentDirectoryID=1%2C2&includeMeta=1&excludeFields=summary&count=12&includeStations=1&includeLibraryPlaylists=1&includeRecentChannels=1&excludeContinueWatching=1 (7 live) #64 GZIP Signed-in Token (8zh6k) (Safari)
Oct 16, 2023 19:21:12.988 [275170962232] DEBUG - [Req#67] HubCache: Adding '1/continueWatching/1/hubs/continueWatching/en-GBexternal-media,indirect-media,hub-style-list/contentDirectoryID=1%2C2&excludeFields=summary&includeMeta=1' to the cache (1/continueWatching/1/hubs/continueWatching/en-GBexternal-media,indirect-media,hub-style-list/contentDirectoryID=1%2C2&excludeFields=summary&includeMeta=1).
Oct 16, 2023 19:21:12.988 [275086580536] DEBUG - [Req#63] HubCache: Adding '1/home.continue/1/hubs/promoted/en-GBexternal-media,indirect-media,hub-style-list/contentDirectoryID=2&count=12&excludeContinueWatching=1&excludeFields=summary&includeLibraryPlaylists=1&includeMeta=1&includeRecentChannels=1&includeStations=1&pinnedContentDirectoryID=1%2C2' to the cache (1/home.continue/1/hubs/promoted/en-GBexternal-media,indirect-media,hub-style-list/contentDirectoryID=2&count=12&excludeContinueWatching=1&excludeFields=summary&includeLibraryPlaylists=1&includeMeta=1&includeRecentChannels=1&includeStations=1&pinnedContentDirectoryID=1%2C2).
Oct 16, 2023 19:21:12.988 [275173247800] DEBUG - [Req#64] HubCache: Adding '1/home.continue/1/hubs/promoted/en-GBexternal-media,indirect-media,hub-style-list/contentDirectoryID=1&count=12&excludeContinueWatching=1&excludeFields=summary&includeLibraryPlaylists=1&includeMeta=1&includeRecentChannels=1&includeStations=1&pinnedContentDirectoryID=1%2C2' to the cache (1/home.continue/1/hubs/promoted/en-GBexternal-media,indirect-media,hub-style-list/contentDirectoryID=1&count=12&excludeContinueWatching=1&excludeFields=summary&includeLibraryPlaylists=1&includeMeta=1&includeRecentChannels=1&includeStations=1&pinnedContentDirectoryID=1%2C2).
Oct 16, 2023 19:21:12.989 [275086580536] DEBUG - [Req#63] HubCache: 3 hubs cached, 0.0% hit ratio.
Oct 16, 2023 19:21:12.990 [275173247800] DEBUG - [Req#64] HubCache: Adding '1/home.ondeck/1/hubs/promoted/en-GBexternal-media,indirect-media,hub-style-list/contentDirectoryID=1&count=12&excludeContinueWatching=1&excludeFields=summary&includeLibraryPlaylists=1&includeMeta=1&includeRecentChannels=1&includeStations=1&pinnedContentDirectoryID=1%2C2' to the cache (1/home.ondeck/1/hubs/promoted/en-GBexternal-media,indirect-media,hub-style-list/contentDirectoryID=1&count=12&excludeContinueWatching=1&excludeFields=summary&includeLibraryPlaylists=1&includeMeta=1&includeRecentChannels=1&includeStations=1&pinnedContentDirectoryID=1%2C2).
Oct 16, 2023 19:21:12.991 [275086580536] DEBUG - [Req#63] HubCache: Adding '1/home.ondeck/1/hubs/promoted/en-GBexternal-media,indirect-media,hub-style-list/contentDirectoryID=2&count=12&excludeContinueWatching=1&excludeFields=summary&includeLibraryPlaylists=1&includeMeta=1&includeRecentChannels=1&includeStations=1&pinnedContentDirectoryID=1%2C2' to the cache (1/home.ondeck/1/hubs/promoted/en-GBexternal-media,indirect-media,hub-style-list/contentDirectoryID=2&count=12&excludeContinueWatching=1&excludeFields=summary&includeLibraryPlaylists=1&includeMeta=1&includeRecentChannels=1&includeStations=1&pinnedContentDirectoryID=1%2C2).
Oct 16, 2023 19:21:12.997 [275173247800] DEBUG - [Req#64] HubCache: Adding '1/movie.recentlyadded.1/1/hubs/promoted/en-GBexternal-media,indirect-media,hub-style-list/contentDirectoryID=1&count=12&excludeContinueWatching=1&excludeFields=summary&includeLibraryPlaylists=1&includeMeta=1&includeRecentChannels=1&includeStations=1&pinnedContentDirectoryID=1%2C2' to the cache (1/movie.recentlyadded.1/1/hubs/promoted/en-GBexternal-media,indirect-media,hub-style-list/contentDirectoryID=1&count=12&excludeContinueWatching=1&excludeFields=summary&includeLibraryPlaylists=1&includeMeta=1&includeRecentChannels=1&includeStations=1&pinnedContentDirectoryID=1%2C2).
Oct 16, 2023 19:21:12.997 [275086580536] DEBUG - [Req#63] HubCache: Adding '1/tv.recentlyadded.2/1/hubs/promoted/en-GBexternal-media,indirect-media,hub-style-list/contentDirectoryID=2&count=12&excludeContinueWatching=1&excludeFields=summary&includeLibraryPlaylists=1&includeMeta=1&includeRecentChannels=1&includeStations=1&pinnedContentDirectoryID=1%2C2' to the cache (1/tv.recentlyadded.2/1/hubs/promoted/en-GBexternal-media,indirect-media,hub-style-list/contentDirectoryID=2&count=12&excludeContinueWatching=1&excludeFields=summary&includeLibraryPlaylists=1&includeMeta=1&includeRecentChannels=1&includeStations=1&pinnedContentDirectoryID=1%2C2).
Oct 16, 2023 19:21:13.017 [275086580536] WARN - [Req#63] QueryParser: Invalid field 'contentDirectoryID' found, ignoring.
Oct 16, 2023 19:21:13.018 [275086580536] WARN - [Req#63] QueryParser: Invalid field 'pinnedContentDirectoryID' found, ignoring.
Oct 16, 2023 19:21:13.025 [275173247800] DEBUG - [Req#64] HubCache: Computed '1/movie.recentlyadded.1/1/hubs/promoted/en-GBexternal-media,indirect-media,hub-style-list/contentDirectoryID=1&count=12&excludeContinueWatching=1&excludeFields=summary&includeLibraryPlaylists=1&includeMeta=1&includeRecentChannels=1&includeStations=1&pinnedContentDirectoryID=1%2C2' in 27 ms.
Oct 16, 2023 19:21:13.026 [275173247800] DEBUG - [Req#64] HubCache: Adding '1/movie.curated.1/1/hubs/promoted/en-GBexternal-media,indirect-media,hub-style-list/contentDirectoryID=1&count=12&excludeContinueWatching=1&excludeFields=summary&includeLibraryPlaylists=1&includeMeta=1&includeRecentChannels=1&includeStations=1&pinnedContentDirectoryID=1%2C2' to the cache (1/movie.curated.1/1/hubs/promoted/en-GBexternal-media,indirect-media,hub-style-list/contentDirectoryID=1&count=12&excludeContinueWatching=1&excludeFields=summary&includeLibraryPlaylists=1&includeMeta=1&includeRecentChannels=1&includeStations=1&pinnedContentDirectoryID=1%2C2).
Oct 16, 2023 19:21:13.035 [275086580536] DEBUG - [Req#63] HubCache: Computed '1/tv.recentlyadded.2/1/hubs/promoted/en-GBexternal-media,indirect-media,hub-style-list/contentDirectoryID=2&count=12&excludeContinueWatching=1&excludeFields=summary&includeLibraryPlaylists=1&includeMeta=1&includeRecentChannels=1&includeStations=1&pinnedContentDirectoryID=1%2C2' in 38 ms.
Oct 16, 2023 19:21:13.037 [275170962232] DEBUG - [Req#67] HubCache: Computed '1/continueWatching/1/hubs/continueWatching/en-GBexternal-media,indirect-media,hub-style-list/contentDirectoryID=1%2C2&excludeFields=summary&includeMeta=1' in 49 ms.
Oct 16, 2023 19:21:13.038 [275013688120] DEBUG - Completed: [[::1]:56456] 200 GET /hubs/promoted?contentDirectoryID=2&pinnedContentDirectoryID=1%2C2&includeMeta=1&excludeFields=summary&count=12&includeStations=1&includeLibraryPlaylists=1&includeRecentChannels=1&excludeContinueWatching=1 (7 live) #63 GZIP 70ms 678 bytes (pipelined: 3)
Oct 16, 2023 19:21:13.040 [275013688120] DEBUG - Completed: [[::1]:56412] 200 GET /hubs/continueWatching?contentDirectoryID=1%2C2&includeMeta=1&excludeFields=summary (7 live) #67 GZIP 79ms 633 bytes (pipelined: 5)
Oct 16, 2023 19:21:13.043 [275013688120] DEBUG - Completed: [[::1]:56440] 200 GET /hubs/promoted?contentDirectoryID=1&pinnedContentDirectoryID=1%2C2&includeMeta=1&excludeFields=summary&count=12&includeStations=1&includeLibraryPlaylists=1&includeRecentChannels=1&excludeContinueWatching=1 (7 live) #64 GZIP 74ms 671 bytes (pipelined: 3)
Oct 16, 2023 19:21:13.585 [275086580536] DEBUG - Request: [[::1]:56386 (Loopback)] GET /web/static/e08a95a990fd1490487f.woff2 (7 live) #61 GZIP Signed-in
Oct 16, 2023 19:21:13.586 [275086580536] DEBUG - [Req#61] Final path: "/usr/lib/plexmediaserver/Resources/Plug-ins-1cf77d501/WebClient.bundle/Contents/Resources/static/e08a95a990fd1490487f.woff2"
Oct 16, 2023 19:21:13.587 [275086580536] DEBUG - Content-Length of /usr/lib/plexmediaserver/Resources/Plug-ins-1cf77d501/WebClient.bundle/Contents/Resources/static/e08a95a990fd1490487f.woff2 is 48344 (of total: 48344).
Oct 16, 2023 19:21:13.589 [275011578680] DEBUG - Completed: [[::1]:56386] 200 GET /web/static/e08a95a990fd1490487f.woff2 (7 live) #61 GZIP 4ms 48344 bytes (pipelined: 4)
Oct 16, 2023 19:21:15.385 [275086580536] DEBUG - Request: [[::1]:56474 (Loopback)] GET /identity (8 live) #5d Signed-in
Oct 16, 2023 19:21:15.385 [275011578680] DEBUG - Completed: [[::1]:56474] 200 GET /identity (8 live) #5d 0ms 398 bytes (pipelined: 1)
Oct 16, 2023 19:21:20.640 [275170962232] DEBUG - Request: [[::1]:56486 (Loopback)] GET /identity (8 live) #72 Signed-in
Oct 16, 2023 19:21:20.641 [275013688120] DEBUG - Completed: [[::1]:56486] 200 GET /identity (8 live) #72 0ms 398 bytes (pipelined: 1)
Oct 16, 2023 19:21:25.909 [275170962232] DEBUG - Request: [[::1]:39730 (Loopback)] GET /identity (8 live) #75 Signed-in
Oct 16, 2023 19:21:25.909 [275013688120] DEBUG - Completed: [[::1]:39730] 200 GET /identity (8 live) #75 0ms 398 bytes (pipelined: 1)
Oct 16, 2023 19:21:28.540 [275005143864] DEBUG - Shutting down with signal 15 (Terminated)
Oct 16, 2023 19:21:28.540 [275005143864] DEBUG - Ordered to stop server.
Oct 16, 2023 19:21:28.540 [274998172304] DEBUG - Stopping server...
Oct 16, 2023 19:21:28.541 [274998172304] DEBUG - HttpServer: Stopping server.
Oct 16, 2023 19:21:28.542 [275018447672] DEBUG - TranscodeJobManager: [Running] onServerShutdown
Oct 16, 2023 19:21:28.542 [275018447672] DEBUG - TranscodeJobManager: [Running] -> [Shutdown]
Oct 16, 2023 19:21:28.542 [275018447672] DEBUG - MetadataItemClusterRequestHandler: a shutdown event has been received
Oct 16, 2023 19:21:28.543 [274998172304] DEBUG - Server stopped.
Oct 16, 2023 19:21:28.543 [274998172304] DEBUG - NetworkService: Stopping advertisement.
Oct 16, 2023 19:21:28.544 [275099450168] ERROR - Network Service: Error in advertiser handle read: 125 (Operation canceled) socket=71
Oct 16, 2023 19:21:28.545 [274998172304] DEBUG - Killing plug-ins.
Oct 16, 2023 19:21:28.601 [274998172304] DEBUG - [com.plexapp.agents.imdb] Killing.
Oct 16, 2023 19:21:28.604 [275005143864] WARN - JobManager: Could not find job for handle 1280
Oct 16, 2023 19:21:28.620 [274998172304] DEBUG - [com.plexapp.system] Killing.
Oct 16, 2023 19:21:28.622 [275005143864] WARN - JobManager: Could not find job for handle 1176
Oct 16, 2023 19:21:28.639 [274998172304] DEBUG - ChildProcessMonitor: Waiting for Plex Tuner Service to exit.
Oct 16, 2023 19:21:28.640 [274998172304] DEBUG - [JobRunner] Signalling job ID 1252 with 2
Oct 16, 2023 19:21:28.644 [275099450168] INFO - Network Service: Abandoning advertise socket, it was closed.
Oct 16, 2023 19:21:28.712 [275005143864] DEBUG - Jobs: '/usr/lib/plexmediaserver/Plex Tuner Service' exit code for process 1252 is 0 (success)
Oct 16, 2023 19:21:28.712 [275101637432] DEBUG - [ChildProcessMonitor] Plex Tuner Service exited.
Oct 16, 2023 19:21:28.714 [274998172304] DEBUG - Database: Shutting down.
Oct 16, 2023 19:21:28.735 [274998172304] DEBUG - Database: Shutting down.
