Oct 18, 2023 16:42:41.586 [0x40046f3b38] INFO - Plex Tuner Service v1.32.6.7557-1cf77d501 - Docker Docker Container x86_64 - build: 
Oct 18, 2023 16:42:41.611 [0x40046f3b38] INFO - Linux version: 6.1.29-0-virt (#1-Alpine SMP Wed, 17 May 2023 14:22:15 +0000), language: en-US
Oct 18, 2023 16:42:41.611 [0x40046f3b38] INFO - Processor QEMU TCG CPU version 2.5+
Oct 18, 2023 16:42:41.611 [0x40046f3b38] INFO - /usr/lib/plexmediaserver/Plex Tuner Service /usr/lib/plexmediaserver/Resources/Tuner/Private /usr/lib/plexmediaserver/Resources/Tuner/Shared 1.32.6.7557-1cf77d501 32600
Oct 18, 2023 16:42:41.530 [0x4002b32808] INFO - [I] broker_t::start...
Oct 18, 2023 16:42:41.574 [0x4002b32808] INFO - [I] device_manager_t::init.
Oct 18, 2023 16:42:41.574 [0x4002b32808] INFO - [I] device_manager_t::init. Initialize provider manager
Oct 18, 2023 16:42:41.574 [0x4002b32808] INFO - [I] device_manager_t::init. Initialize all device auxes
Oct 18, 2023 16:42:41.574 [0x4002b32808] INFO - [I] dvb_device_factory_t::get_aux_list
Oct 18, 2023 16:42:41.575 [0x4002b32808] INFO - [I] tvbutler_aux_t::init
Oct 18, 2023 16:42:41.670 [0x4002b32808] INFO - [I] web_server_t::start. Starting web server on port 32600
Oct 18, 2023 16:42:46.104 [0x4004da2b38] INFO - [I] web_service_t::process_device_discovery
Oct 18, 2023 16:42:46.105 [0x4004da2b38] INFO - [I] device_reactor_t::get_device_list ()
Oct 18, 2023 16:42:48.125 [0x4004da2b38] INFO - [I] SAT2IP - discover_satip_servers(): no servers found
Oct 18, 2023 16:42:48.549 [0x4004da2b38] INFO - [I] v4l::DeviceGetList_impl. getting v4l device list
Oct 18, 2023 16:42:48.559 [0x4004da2b38] INFO - [I] onetv_factory::DeviceGetListEx >>
Oct 18, 2023 16:42:48.565 [0x4004da2b38] INFO - [I] onetv_factory::DeviceGetListEx. Found device 1575:1
Oct 18, 2023 16:42:48.565 [0x4004da2b38] INFO - [I] onetv_factory::DeviceGetListEx. Found device 7531:3
Oct 18, 2023 16:42:48.566 [0x4004da2b38] INFO - [I] onetv_factory::DeviceGetListEx. Found device 1575:1
Oct 18, 2023 16:42:48.566 [0x4004da2b38] INFO - [I] onetv_factory::DeviceGetListEx. Found device 7531:2
